3 216 270 211 
3 167 177 100 
3 0 25 123 
2 180 279 
2 116 43 
2 296 212 
4 168 122 26 98 
3 54 17 52 
4 34 191 235 59 
4 108 209 199 12 
2 85 219 
2 275 16 
3 87 269 84 
2 41 155 
3 184 140 247 
3 164 61 67 
3 249 31 189 
4 99 202 76 178 
3 110 160 49 
2 88 97 
3 75 287 194 
3 103 35 173 
2 80 126 
4 72 163 231 151 
3 4 27 242 
2 8 112 
4 7 222 170 9 
4 294 22 55 94 
2 148 73 
4 134 268 109 71 
2 162 250 
2 259 288 
3 159 255 77 
4 286 68 46 169 
3 246 236 289 
3 299 50 223 
2 203 196 
3 24 204 266 
2 133 213 
3 210 276 152 
2 62 285 
3 161 245 130 
4 127 53 298 186 
4 13 267 114 149 
3 260 131 233 
3 136 14 142 
3 220 6 229 
2 92 11 
3 95 117 78 
4 58 225 81 240 
3 137 118 192 
4 290 150 51 154 
3 227 166 48 
3 193 217 83 
2 15 181 
3 218 243 257 
3 273 185 30 
3 107 57 106 
3 74 45 215 
2 144 10 
4 56 64 90 265 
3 105 207 135 
3 18 5 165 
3 171 295 252 
3 187 89 272 
3 263 239 138 
3 38 197 208 
2 63 120 
3 125 139 153 
2 156 262 
2 261 190 
4 60 226 66 278 
2 200 258 
4 19 147 115 228 
3 198 124 182 
3 44 121 293 
4 129 254 283 143 
3 79 42 183 
3 21 237 251 
3 113 232 292 
3 224 111 104 
3 91 282 132 
2 96 206 
2 188 119 
3 39 86 101 
4 277 158 280 1 
4 281 157 23 176 
3 32 248 256 
4 230 82 145 2 
3 174 195 141 
4 29 253 20 175 
2 214 271 
4 128 3 93 238 
3 284 47 274 
2 102 37 
2 28 70 
2 241 201 
3 244 264 69 
4 172 146 291 297 
2 40 205 
