13 84 9274 3510 1399 9471 7247 2428 1540 860 8479 9048 6514 1020 
35 88 568 4807 7884 8379 6719 1109 7445 6344 5064 7659 779 7004 9541 103 686 2148 2560 5106 4684 4187 6532 2267 9855 5078 5643 8859 4672 4199 4161 6598 6844 8879 5758 2208 
23 187 2356 6304 6942 9483 7962 1885 9866 3878 7932 2832 3431 2575 1526 8964 7821 8707 6445 1147 6434 7586 4156 142 
15 303 5189 7574 5182 267 2660 7671 191 79 3886 2993 831 4160 9354 2117 
34 474 9744 2181 6809 8094 674 9424 9264 8051 4892 4085 133 4625 5929 2861 9939 361 184 2785 7543 7976 4053 2971 1673 9588 6690 8633 4298 8092 7416 1014 7151 8939 4042 
17 677 7108 7924 4167 7624 5073 8571 4492 4095 522 5935 7087 1043 2253 7281 7017 8019 
26 719 1907 7148 688 4316 4464 186 4521 1463 5963 3244 8651 1851 7890 2868 8041 3822 4488 9841 4288 2339 7803 8797 1497 948 2134 
32 1066 9405 8290 378 3778 2360 5014 9612 1282 1679 6036 2309 3574 3137 1471 3045 9774 999 8246 5525 441 2420 4155 503 4118 7023 7774 1216 4054 1115 1887 2163 
23 1178 2439 1736 2144 4970 3747 8471 2524 4765 1890 2232 2666 7 5989 4577 8802 148 2908 5798 1909 8337 2658 6111 
34 1209 2695 9628 1843 6764 1465 9538 645 2385 3418 5847 2192 4114 9322 7205 2137 924 304 283 7192 6996 7137 34 2873 6938 5706 9453 7050 9417 6065 8096 5688 8538 9736 
35 1315 2520 5089 3603 2031 992 9276 6805 379 4532 1470 2607 6866 8307 5172 1047 9780 4218 4144 4289 7302 654 5893 3023 4609 466 1437 3604 2353 9467 12 7649 9700 8301 8789 
20 1335 1778 3454 5314 8748 1870 8009 5520 9929 3076 1906 7238 5149 1821 6520 6606 3180 8043 1204 4622 
28 1515 1363 4003 2997 7245 9889 9561 9952 8798 2052 1448 5473 3593 613 8513 7417 7330 359 7408 5997 3941 2624 869 16 3014 1001 20 2897 
12 1543 2736 6720 1205 2727 6022 8355 2689 6717 4641 7235 2169 
13 1560 7373 2323 5050 3775 1443 4270 7715 4031 3946 1855 6644 8350 
27 1757 3160 1142 3199 1175 4318 4786 1143 3536 9193 7397 1750 7661 1265 4579 888 6568 8084 2195 9332 1076 6183 5316 1452 2940 5476 2271 
23 1992 6450 69 3885 3542 6357 3190 704 3326 9156 2270 1429 4866 7843 8109 8186 2021 5340 4138 8139 7228 3591 8535 
23 2135 8566 1904 9579 5452 4249 9644 4711 543 2765 9848 5722 1782 6906 4122 4175 2800 3726 2638 7450 6895 5731 807 
19 2432 4387 6377 2749 6790 7377 8234 2615 558 6551 6768 7954 5131 1419 6534 9747 6978 5848 9430 
20 2519 3311 3017 7097 8167 7216 1859 4105 6297 777 4453 6463 8202 7639 5797 2070 8411 3687 2819 4124 
32 2571 2714 6410 5621 1884 4485 7342 8996 8339 6864 235 6165 6982 5785 8325 6204 4621 8015 3376 3599 2895 743 5022 2328 9662 9063 324 6725 4735 70 3218 3528 
17 2920 7156 5856 3354 511 7492 908 1433 8598 1980 9270 5284 9821 6763 223 2447 3827 
28 2949 4494 9815 2916 3057 6026 4171 1613 553 8956 2565 2397 402 9000 4266 4515 9994 9418 7264 3131 642 6890 68 9942 7423 5429 9307 2411 
33 3156 6752 1218 615 8614 4940 5766 1250 2320 876 5514 9082 819 3610 1420 2218 2139 5292 4620 4000 9400 80 2499 5648 1347 9271 289 3265 9387 8519 4553 5629 4186 
17 3253 368 6378 5583 9026 5184 9456 1486 1025 5339 3059 4612 5438 4022 4303 9451 8319 
33 3580 9636 6966 3102 5116 883 9992 9687 2037 338 5083 5061 6459 3266 2644 4614 6174 2500 2590 2672 4341 9892 9041 3911 3302 5560 8454 955 763 8232 749 8001 2276 
26 3629 3951 9401 8574 4717 412 8136 7842 9919 5565 3159 7646 8076 5589 7571 7420 9587 3109 312 3175 5831 7606 3417 2152 1614 6191 
19 3696 3767 3139 7718 149 9442 996 5383 2162 1975 9932 8405 8777 8762 2145 5889 4909 5046 5538 
21 3869 9191 1804 3554 6771 2060 3435 5695 3451 4497 7679 1799 6800 8901 7341 3547 4646 4811 6533 9938 2845 
24 4008 2641 6924 3601 9078 4920 9254 846 1647 6261 4017 7808 2290 2407 9482 7381 9513 3534 4489 2854 1235 1926 7773 7713 
31 4078 1869 3632 4396 2140 4024 907 8378 8860 2072 7971 5211 4772 7394 2595 2478 1286 5326 6055 1124 2097 3355 3563 8744 7625 4183 5791 8451 9484 7436 8527 
20 4094 9649 9845 9002 5428 8037 8652 4195 2108 4989 1790 2977 9785 7672 928 4420 3388 1093 9834 3569 
32 4309 7399 8588 6984 6305 8403 1745 9731 3247 584 3496 3308 1771 7178 9023 7062 7743 8673 322 5349 253 5754 8875 3634 8570 33 1549 2046 4861 8384 9669 7899 
24 4377 3608 1283 4388 4430 4712 2485 9170 6736 63 827 6328 3132 9501 1675 3423 5613 4174 4399 7374 9123 6853 9334 1569 
31 4435 6409 5662 5724 5374 1160 5564 5567 5709 9584 2241 5041 2078 8705 6167 7094 6387 5805 5175 1033 4051 337 7596 7038 143 1801 648 9775 9850 3255 2509 
23 4525 6745 6630 4944 3731 8111 8821 1707 2517 9204 1036 6500 3301 9414 7144 8655 9069 6011 1825 1837 5653 5857 9326 
37 4839 3579 4511 284 5783 7246 1762 9684 1738 6672 7037 7221 9303 1924 8926 7647 9421 4825 1387 2431 9239 3352 7786 6282 609 7306 2387 4304 2824 7225 2902 7079 4383 598 2880 5939 6613 
13 5018 7956 3821 439 4705 3789 5982 1582 783 6177 3836 8008 6060 
19 5299 2436 6255 1628 9130 3338 1942 5792 4236 30 8160 9015 1842 5072 7106 9348 1316 5513 5174 
25 5335 1609 9768 4109 5507 5816 2470 127 7642 8694 8257 8296 9268 8746 7407 4642 2444 3977 8935 386 6655 4382 260 2563 2528 
32 5440 2512 248 1830 9654 753 5375 159 4636 7176 8193 5373 8140 6578 129 6829 9930 4739 4097 8844 745 478 3730 8065 9491 1070 8716 3488 488 2337 1293 3402 
20 5868 8448 782 2041 2952 2900 4021 9645 5100 2966 799 1428 6726 4688 4992 4459 214 2445 1327 7410 
30 5970 5948 2899 8328 3557 2663 9429 8176 4503 8990 4552 4397 2541 9293 6180 6704 5496 1957 9535 5940 9857 5609 8467 4458 3978 3140 4310 2300 9532 8874 
35 6002 3540 5377 6425 2333 3493 2771 3098 1937 6460 7770 3044 8446 7305 3079 4378 1308 3065 4075 4251 2142 6142 3379 6738 9865 3506 1089 4737 3427 1028 5048 3533 1966 8374 6439 
27 6031 2264 2248 7222 2042 776 8745 22 6130 8842 5681 8362 8039 6385 5196 7060 4827 9791 9500 6100 8765 8515 8866 3797 4996 8424 3386 
19 6252 852 3145 456 985 4262 6637 7333 160 5199 1270 9365 1577 36 4928 1645 2287 9004 9172 
23 6403 6883 8225 3967 6292 7651 7599 3262 1932 2789 6478 1446 8896 5270 5832 6531 7089 3048 1172 1225 7136 9909 6518 
29 6412 200 435 4658 9138 1725 2453 5070 8244 7918 6240 9593 238 5908 4663 7583 3013 3525 27 1925 7747 4169 4193 7348 6107 4691 7219 3719 4292 
23 6466 6150 5756 823 9737 461 9912 1589 8533 9720 3782 6389 2863 4473 5180 4290 3141 9988 4993 4173 3330 2214 8727 
23 6670 6004 199 172 9018 6402 1553 4355 377 6386 3498 8097 1071 3182 1499 8437 3832 914 8381 217 9448 8047 5370 
40 6783 2079 4833 5307 881 120 8800 3133 4895 2898 3862 9859 4314 4685 3672 9022 9110 800 4979 1342 414 1901 7839 1654 668 5605 7695 5363 5618 5912 3240 7660 7307 4315 6057 8091 4531 9396 1082 9677 
11 7013 7699 1373 2894 71 3890 4998 421 6093 1137 3619 
25 7109 4449 9789 538 6064 6810 9583 6617 8841 7405 7802 1606 7921 5288 5215 110 3852 7241 4132 2734 9390 2103 2210 5545 2677 
34 7463 5743 2143 8207 9657 6538 2776 1181 5994 9822 3751 8767 3573 7626 1832 809 6604 3660 3446 682 1671 5136 8972 5807 4240 3226 2369 8276 6631 4729 1191 2200 9176 4662 
29 7475 9406 5721 3972 3433 7746 105 1297 6925 5959 5380 5664 90 9366 5502 3152 8442 701 1469 3935 5132 1894 9582 5842 7261 2888 3041 6676 7733 
11 7928 5487 6307 4080 2132 3721 5124 2314 425 4714 4796 
26 7965 8711 3752 8027 5092 2400 357 4198 173 6608 8689 9946 5645 2688 5863 2199 1405 9695 6295 9115 2707 1390 9787 2583 5232 3120 
29 8175 9393 2838 5517 601 8796 8173 3729 2756 6308 6854 539 5568 2282 3337 4933 8457 3831 5740 5776 9434 5846 8648 4197 5874 1230 472 5415 8069 
26 8292 2711 2657 1240 8079 5371 7125 8628 7853 3873 104 4322 4102 2619 6980 3517 7979 9279 5185 6335 8222 7184 4731 234 2922 8543 
19 8310 7287 9996 9944 2605 7312 4376 5627 3054 9537 8118 5838 115 8062 4528 9055 8885 4671 9803 
28 8640 9412 5562 8815 6857 1747 7757 4232 2634 5575 6948 1502 1965 6561 6464 8531 2471 7030 673 6797 1244 351 9922 111 8089 3871 1633 3043 
11 8773 5384 7331 9629 1165 4631 6528 5607 4333 5680 2620 
24 9313 7561 2056 9712 4990 2187 2640 1700 6268 833 8662 6223 7809 6687 7185 5774 5321 8124 597 8095 296 9711 2926 9796 
27 9707 4959 9306 8902 3193 6306 5143 3416 6171 6339 7734 2237 2911 1423 340 7851 426 504 3273 5515 4610 176 3652 5647 758 4951 7115 
23 9913 4147 2040 2468 3592 8650 5470 6187 6773 6707 8387 2462 7616 4748 1092 1413 2258 8608 3486 899 4354 1473 5819 
38 2465 190 5510 2642 1550 2686 1245 1346 8300 8164 8644 7764 2023 2057 3722 4669 2614 618 740 4044 9142 7790 3962 5577 4512 7385 5506 3361 7360 3823 9093 2022 7332 54 2194 4375 1077 3111 
26 9976 4948 2984 9928 458 9526 8033 8444 6641 9056 3772 7440 4487 1783 7819 2684 6855 6525 6827 5570 4023 4239 8497 5965 2488 8994 
4 4379 533 476 7678 
35 3607 8950 210 611 5036 7041 2527 3981 4884 2048 8871 2281 7389 5670 4768 6908 7024 1065 3495 3142 676 973 3704 687 3668 7514 6599 5461 1788 8398 1683 2961 6595 2130 5173 
38 5497 3651 2422 6125 6454 5650 8876 6407 4696 6587 7907 5033 6746 3851 8159 9810 7620 3753 5385 2960 6505 9250 1229 8680 7536 7973 2459 4822 5505 4271 6781 2929 1849 8572 6148 82 8044 5953 
34 9847 2230 4153 5602 7494 1474 3439 9222 7532 3694 8819 7077 1702 728 3053 8524 1629 3130 2068 9506 5738 7012 335 7838 5945 4425 8356 5634 7540 60 8943 316 8808 4268 
26 8878 4353 1096 586 8883 1592 3221 8903 6774 3856 4578 2433 3360 2010 3639 5823 7304 2647 1877 1185 4261 1064 8226 263 2659 2627 
33 9752 6541 6749 3220 572 2434 5082 7558 2969 9496 8510 9882 5302 3432 8624 3277 9337 1854 3553 9665 6320 2549 1829 6835 8012 7526 6653 9953 4994 1698 4364 3229 9329 
19 2735 4090 481 6128 1491 8768 8188 9604 9833 5764 2393 3710 9420 6451 4317 884 8604 5223 2709 
26 9084 5090 7323 4141 7092 9273 403 444 2395 7805 8610 2989 5569 5256 9229 6462 4518 9083 4789 7195 4345 4004 752 8318 3764 2951 
31 7429 3196 9087 2626 4630 3544 4115 2799 6652 3194 2209 2924 6081 3909 6067 1891 4734 3924 8460 7090 3487 8539 731 7292 1262 2545 8922 124 2476 2050 835 
12 7657 5858 1723 8034 6638 4639 1880 9601 8452 5434 7881 2544 
27 3442 8274 2537 1272 381 100 4913 2556 1259 1197 938 9790 2063 5640 1818 6539 5479 905 2454 7970 785 861 9257 251 8083 9776 7173 
29 5693 168 9757 7579 2171 8038 8857 4539 3356 5767 6862 733 5733 2197 450 7982 9017 7294 6256 5492 885 6954 5146 2628 3983 4905 7818 3791 2691 
33 672 1372 945 965 1326 9492 4481 9546 7730 1846 8585 9639 1176 9474 9779 6939 2268 3201 6863 7944 3161 7280 8592 5200 8474 9468 848 8751 8949 5894 5362 2847 1931 
33 6822 5744 608 8338 6922 6498 6048 896 6618 867 6677 2086 3597 5658 1307 8993 6396 8359 3980 3707 4360 2350 9102 1765 6371 9615 6796 5822 3745 9184 4649 5714 7093 
20 549 4154 507 4403 7171 4888 189 3469 7654 4221 4608 2844 1154 6846 1116 449 1749 7969 1839 4868 
26 9619 873 196 2375 1876 2452 6926 1767 4682 2175 4660 1296 4715 3389 5498 6841 4342 6095 6040 8658 1354 8275 4305 8541 8654 4281 
25 1305 311 6793 9908 3959 5117 8304 8779 8763 5217 363 9312 1775 7517 8465 3884 8032 5924 6417 9956 4813 7977 5659 5474 3975 
29 9563 9011 7668 6480 5576 5087 9896 544 6751 319 2228 6519 9085 3470 9292 517 742 7365 9957 2236 8776 8975 2533 8230 5669 9552 8265 9860 7223 
32 6263 7553 3541 1260 9042 6537 1509 7315 7169 9027 7014 2025 4019 7967 7627 2740 5587 8549 3508 8121 5456 3412 3927 6506 564 5236 4181 3923 3780 2312 1207 1304 
35 5192 4537 1054 9109 751 8951 300 3839 9408 6094 6904 8562 2829 3127 2 4248 3948 3293 5734 6552 2087 5360 5882 8427 7591 5203 7233 7029 2779 4287 1739 7268 436 432 7601 
19 3055 4255 7737 7442 2600 2180 6009 2368 3648 3798 516 987 6391 320 3154 8616 7101 6995 5968 
36 1097 4428 7677 8040 7172 9743 8368 6216 4749 921 5861 2558 6932 7508 4564 8830 2935 3689 8432 9870 6754 8583 7706 5165 2403 2872 9032 3581 3728 9854 4474 7938 1403 9120 5637 8147 
24 4601 1105 6868 7610 282 9163 1314 7708 1291 2413 738 420 2728 632 45 1385 1659 246 2564 58 3035 9977 5179 4592 
32 9003 3208 5049 3717 3565 506 986 6871 3784 4958 6971 8220 2809 2315 21 8688 6974 257 1322 8336 9945 8241 2303 1498 9161 7658 1161 5928 4700 1095 1699 2597 
16 2247 7314 1755 161 6213 8101 578 6426 5074 8620 7384 3341 5272 1118 8087 4091 
23 2015 2184 1875 9298 6201 3339 3213 909 5233 859 9877 8569 4876 1187 5483 505 2860 3096 2001 4229 8333 1427 7460 
24 4742 9935 7792 5214 4048 7926 9659 5353 2535 2024 3241 3009 9943 8473 6471 5401 7258 1730 4192 9519 1594 4901 9940 4799 
31 700 1697 5732 9037 1355 708 6172 3622 4828 1364 8182 4675 561 1624 7788 4369 9704 3628 4419 3198 7128 6671 6623 4116 764 9391 6477 5753 9461 3514 3631 
7 423 8518 2123 3263 2573 1744 4321 
24 1273 5359 47 5917 7663 5837 2362 7066 711 7207 9370 9441 1934 6880 8976 9706 2994 4335 8068 6530 3136 7675 6229 5067 
30 8731 2426 5516 7662 39 5550 3754 365 2366 9221 4718 5379 1073 537 9148 1727 3395 9389 8201 1687 7771 6109 7053 9814 8352 1641 5817 7311 7714 9380 
30 6689 1384 6329 902 428 8856 6438 1557 4007 2473 2291 9284 8014 6379 4787 9881 1603 8063 7147 1274 8455 9206 5290 1868 3310 797 86 6266 2322 8740 
13 8890 6812 3320 721 2849 4814 5773 7946 2252 8877 9878 3929 3618 
16 9514 739 5034 7372 8816 9954 5850 4166 1131 4465 644 746 5269 4785 9025 3347 
19 2720 3654 2913 9039 577 4334 9323 8117 5315 9995 4680 3720 8934 5806 2259 662 1576 398 7937 
30 7861 9920 4733 5107 3993 141 2128 7515 5465 1831 4690 3039 592 6785 6874 3484 3682 3805 7844 7336 5873 6166 5056 7390 1374 1213 7814 729 4883 6 
23 3090 4637 3024 3403 4225 951 6446 1835 8412 5298 6161 1393 2874 7383 5705 5490 6169 9883 1238 1153 4983 6614 6441 
27 713 3170 3947 4228 4659 5642 7684 1416 8141 2892 3961 2093 2587 8732 205 4719 1704 2066 3094 5800 9891 2391 3250 5623 3863 9918 5631 
26 6277 6706 4233 3188 6550 3325 2665 2386 4356 9963 1872 1330 808 7754 4916 6406 2710 4898 5675 5419 7917 703 4370 9531 4254 4949 
25 5934 9974 4467 5250 8661 2546 6897 2299 3242 7418 195 9688 5257 3943 1400 8634 5588 4972 8142 3819 2606 9369 5854 295 6479 
18 6901 2198 4020 8831 8112 4986 772 9234 7761 3930 6333 4301 7815 3810 1484 5836 4134 8070 
14 6815 7116 6735 9702 7785 2304 1817 6487 2136 4230 667 9637 4040 616 
29 7070 8840 4815 2992 3036 2059 1487 1422 5910 6566 8125 880 3776 4988 5313 2017 5274 2311 7419 6429 1596 8632 4361 3248 1173 4968 9196 9146 6170 
24 4679 2769 1255 9330 2341 2805 2947 4647 7076 3397 7741 6124 4373 3815 653 1156 413 4676 5095 2764 6019 5446 910 3880 
35 5445 2357 7224 5626 6356 4139 85 8597 5579 1475 3646 4834 6930 7573 5700 9167 9754 946 8958 2721 3650 5827 162 4816 9344 5987 6310 9529 6640 1478 4180 3637 6212 3480 6870 
20 2883 5572 5541 6058 9064 3477 8785 5713 1081 1110 715 9741 7894 2179 6443 7231 1911 492 3848 2273 
26 3817 1784 7210 7249 3875 290 1863 8035 7387 4838 4423 4036 941 8181 2553 5 4110 270 6976 9772 307 4769 8717 5661 9753 2983 
23 9305 6747 7355 7149 9333 7650 6102 4359 1035 8812 9788 5114 9982 9893 4427 8269 9058 6933 1938 2592 2221 8163 4750 
16 4059 9473 5746 1995 1997 6856 9182 1686 2591 5867 259 5485 3107 1226 3664 8921 
18 1138 2166 5212 596 6523 8306 8231 2380 9726 3100 3932 4556 9971 6693 1195 7001 5390 9573 
22 5324 5717 3411 4558 1601 9819 8671 2745 5405 6243 3394 3476 6769 8289 9397 6042 943 4563 6991 6384 8375 7404 
28 1867 8055 4421 802 5719 1627 7253 4541 8804 64 8909 7503 1785 2285 7272 4847 2367 8914 8287 1760 8723 2853 2629 8130 4242 7968 840 2410 
11 4758 9459 8704 2226 4837 6549 2750 9528 9600 690 1652 
30 6381 4935 4867 5120 8348 7534 8998 9623 7422 6808 8150 3174 894 2777 7153 4039 4817 3897 9437 1196 8600 5671 4600 5264 4896 2458 5942 1301 1579 224 
18 2917 8792 4869 9681 6512 7134 4617 6098 8075 9089 6114 4340 8431 8811 242 6798 2903 180 
26 7957 271 5535 1200 4404 849 6196 6272 7043 4756 8617 6121 9701 6238 7725 7439 4678 1268 4178 5781 891 9898 3703 401 7391 9831 
6 769 7325 2965 1717 5761 923 
33 519 5727 7891 6526 6078 2160 1862 6737 8809 3584 15 9968 4125 3077 2051 8775 4591 453 1078 2700 8314 154 8081 8720 6072 418 5142 4422 2870 6358 4231 9220 805 
28 4071 8715 9030 977 6647 1459 1944 484 5692 8268 4843 8872 8344 1597 8873 1136 1806 5416 7923 2858 8472 1442 562 6209 5404 392 6997 2813 
21 606 1170 109 7471 3849 3462 989 7690 7922 8298 2954 2115 9911 7872 8511 8918 2933 6581 2325 2461 7581 
28 8708 3138 1640 3921 8681 6034 5433 8116 6698 7150 4907 865 9143 1946 6779 1822 6423 3392 9403 9748 8317 6372 9565 6362 9445 2705 6017 3861 
35 3549 2788 1955 7602 6186 3537 2852 3122 1644 9641 5684 5610 8326 8492 6262 1266 9978 3391 1719 6033 9725 8697 3091 7378 2801 620 7170 5871 3950 6390 7509 2905 6782 9317 7375 
14 7499 789 8991 982 233 7630 8545 5444 5197 1086 4977 7303 6073 994 
25 1776 2074 4666 9410 1369 9900 1412 9566 7724 6909 4939 816 2438 1328 1395 3123 8961 3824 1379 1398 7869 6334 7035 9818 7393 
20 3307 7704 6206 9487 9289 3760 6314 2980 9825 4201 3318 5331 5843 460 2223 1285 6070 6981 3535 8862 
30 8477 9452 5540 6000 2999 92 4555 2404 6013 4971 1716 2907 6683 2498 9139 3251 9709 3235 6061 3813 5793 5950 4500 3889 1044 9147 2298 811 6748 3313 
26 6663 9347 3976 9144 9633 3191 5678 5228 4607 156 5008 3421 7075 1836 7656 4900 8839 9352 2120 8619 9746 2604 9010 7524 2408 3064 
37 5235 7329 3200 1873 1693 7479 8761 9505 2515 9054 7145 862 5301 4343 6806 4357 8261 9351 1772 4351 8361 5320 2354 8889 6347 9188 8709 4954 3768 1895 9197 6046 8893 7863 7215 1677 8847 
13 5300 1973 5062 7296 7750 1741 9767 7781 1034 5943 5478 2502 6288 
32 9409 9463 498 3879 4643 2482 595 643 7301 8214 5879 5105 8148 8134 5527 4330 5472 5694 5981 5350 7098 7753 3659 9522 604 6577 7157 555 8386 3002 2521 2669 
11 3167 4112 9927 6668 165 4284 1991 7950 6045 455 9770 
13 563 1123 3282 5122 916 1982 3233 534 116 7504 1237 8422 5501 
31 9679 3005 1100 9385 895 9610 7386 6570 6066 397 2885 4767 9379 9607 216 3027 2016 8810 7960 7622 4849 5111 7767 9099 4757 9873 5972 6700 9960 8959 9374 
33 768 7882 853 8737 4724 8827 4117 3673 463 9592 6203 490 692 6625 8067 7538 9867 7914 4280 9295 6675 331 4252 5261 3217 2342 3733 3633 188 1454 8612 5398 1150 
6 5860 7993 7347 1199 2345 6527 
24 8758 2110 3305 7822 9823 1203 2882 3877 3323 2308 262 3538 9211 1811 1661 3658 8794 3899 8441 5209 9656 4741 6241 2755 
9 8670 4191 605 8483 411 5469 8923 9764 9829 
15 6916 5991 4745 6628 2030 8496 9991 5412 362 1127 480 4269 9290 1312 2172 
37 9888 5213 8459 4761 6340 9617 6896 1511 5951 2884 3675 4247 5221 1568 2229 5559 8974 6415 7237 8576 7860 5396 2876 4395 8522 8734 1766 1091 4627 5927 4416 1726 7722 5616 2238 2862 9915 
18 6807 3329 3129 839 2212 694 201 8335 6636 5255 264 6419 123 7859 2836 4554 4018 6721 
22 2316 9325 8979 7379 9763 8992 9275 1853 8016 8162 5795 6878 2427 9126 6194 1517 2747 7057 8106 6507 4319 1410 
43 2061 6159 8573 9297 98 4297 9738 531 2831 6893 3315 1660 6218 1541 7949 3761 953 3963 4096 5442 1337 2506 9355 4978 7340 1857 1889 1485 1828 6001 4514 1432 5947 2932 7022 1103 9715 573 2725 2460 7603 5147 2840 
21 5086 3358 3438 3521 1672 5906 2371 226 3953 5418 7980 5673 5096 265 1658 637 3571 587 9937 2441 2530 
14 4058 3430 4285 5892 9190 5091 2255 4991 2692 5410 3626 2593 9097 1212 
37 4618 5769 5113 9595 2681 8382 7557 8682 832 1902 7811 6491 4278 485 4800 9837 5907 6345 8743 2931 4106 5992 278 1882 7653 1351 6224 8478 6075 7105 631 6889 4189 56 8138 6242 465 
19 7929 2335 7465 5663 266 7438 4326 2275 5702 6367 6178 7267 5247 4562 7220 5919 2242 8402 3643 
24 7401 5491 206 4863 7174 9678 6346 1189 254 5021 2766 5635 5278 3428 9716 1275 4549 4878 2099 1085 7744 1074 3543 7758 
8 2384 8845 8905 6309 6230 8677 7756 3705 
36 4855 9140 5996 6202 9104 6316 5620 5012 8615 494 7466 1302 5123 2630 7806 6821 6920 7091 9462 293 9863 7556 7095 9699 4524 1049 5820 4797 3882 8908 8891 5077 635 818 6458 3857 
21 273 7198 825 856 6222 4776 5967 1531 536 5901 2670 3340 5786 8750 1850 9630 877 4276 974 1618 6960 
27 6831 7428 4848 3375 1634 6580 4664 3165 462 2842 4937 4981 4263 3163 2109 3351 8129 5357 155 8221 6588 4650 6351 9856 5884 4447 9910 
23 3444 3008 448 9511 3270 2409 3232 9177 691 2095 8407 1067 8394 5918 3268 7485 6770 3681 8279 8865 1254 1547 3032 
32 8703 2006 8224 6352 8772 3370 5799 6762 5603 7197 1338 2206 9192 2034 5804 7009 5704 2532 4950 5851 4572 8052 8900 6516 9008 9294 3576 3734 9210 5973 5592 9990 
36 117 8329 6804 4502 935 6101 8273 2044 9062 4045 4347 8645 1117 9849 4628 8064 8693 8415 9798 1920 2991 3387 3908 3881 3662 7480 3804 8537 3558 1759 1336 1935 9749 4451 424 7825 
24 7913 4496 8799 2909 6713 4219 8031 2364 9651 2834 7720 8936 6988 4306 5454 1575 429 1507 6193 6032 8647 1341 3458 8022 
19 6695 6198 9666 5285 119 4782 4656 5584 4713 2075 6850 7488 275 5909 594 9718 6117 6289 7433 
32 7040 9128 1588 7086 4973 8421 6639 6956 9458 175 4623 4853 8237 4394 3443 4002 8400 8470 5911 8601 7999 7285 4025 1666 9245 1712 8561 6099 9568 9296 8948 8718 
25 3855 8020 209 4629 252 5310 7604 1220 4302 8659 6437 9299 4840 37 6861 9460 510 8969 619 2269 7003 4961 8315 1360 766 
13 3371 661 7975 2904 4064 3585 6503 1529 2850 9554 3072 2414 5071 
35 9675 8739 1527 1986 5303 4035 1324 9647 546 4819 137 6548 5004 3447 1525 9902 3237 1945 8048 3598 8392 6370 5936 9907 5085 9149 7688 9005 8238 6496 3671 5159 9589 5931 3825 
26 9449 6582 6838 5289 8988 8126 9114 9941 6873 6733 3406 6008 6318 6947 2584 4526 6400 2763 7667 6936 2005 73 438 7069 1510 1134 
12 4307 7948 7031 1616 2481 8046 7427 3422 4339 3185 144 7441 
28 375 5425 5957 3116 3468 2355 7693 542 5451 929 6898 582 2923 6513 5904 1566 4963 7848 5789 9605 9235 2778 192 2347 5178 3252 4476 2848 
25 1040 3779 35 7208 1079 8030 4400 4477 1458 5770 4293 3225 9518 9034 3769 9066 4215 2392 182 2815 6955 4522 3500 3069 710 
12 222 9864 7113 6999 1392 1748 4087 7755 4893 1037 4560 9515 
14 1005 8548 1223 306 1610 4386 603 6867 8880 7705 702 3665 6931 8210 
18 9550 4921 3031 1591 7368 5689 6714 9862 5639 7728 521 6037 2487 5325 4551 5685 5460 8433 
12 3555 1135 6324 6091 6432 6894 995 6285 1619 926 3559 1006 
22 3578 8212 8291 6326 7510 3841 125 6697 528 6337 4960 4222 2222 2029 571 7828 1607 7826 452 944 762 6559 
28 5424 3276 1860 5282 7787 761 2751 9843 7326 4190 77 7497 3283 963 6758 6511 8135 6557 5053 9094 2188 7850 1662 6986 6317 131 8925 1015 
13 4894 3990 6836 9105 1797 7284 17 6226 1572 5687 1358 3801 3491 
23 920 6199 7585 3475 9314 8854 3169 5382 4206 5219 6885 215 5176 8764 5171 7100 3078 9162 875 9425 309 4736 1559 
31 9799 2233 315 4349 8093 2754 9392 1098 9028 138 2760 4821 7689 9361 4060 4569 8242 7782 5984 8077 7299 8966 3649 7200 9599 7833 7412 5148 7154 8308 962 
41 2559 4583 8435 9965 7243 1580 9871 7883 6119 1215 871 382 6416 5708 2938 3285 5268 2390 6799 6970 836 693 1057 6376 851 7175 7590 3485 3118 7084 6723 5354 6828 7283 9690 1731 2421 1488 6492 8178 1038 
21 961 3640 874 6029 4410 1963 7994 2919 4034 8970 5260 7794 5101 9160 8627 2808 1626 8825 9129 8726 9916 
38 372 2538 3334 2787 8955 3082 3970 8324 6946 9478 1561 7898 6824 7288 8986 72 1340 9212 6923 8920 8584 6086 1451 8172 574 4436 7431 1242 7955 3914 7611 5368 108 7985 2090 325 5253 3969 
22 7952 3362 6684 1012 1396 3404 9113 7046 7735 9079 7800 1011 8498 5905 9989 8754 1764 4763 2491 5596 6465 1300 
33 24 5818 8277 9586 3842 7382 475 5409 4872 6593 524 7366 9724 9987 7796 7462 9783 5391 1964 3455 6149 4517 9958 8927 7703 3771 7358 1426 9648 9454 431 5265 9536 
11 2869 2963 8462 7430 9251 6184 4092 3796 2430 2516 8957 
35 8962 9627 718 640 6703 9180 646 9035 8695 5803 7274 2547 2612 7920 2835 5039 7266 866 5976 6858 512 7217 8107 1163 9708 2012 2655 5518 5190 3324 6621 9596 1570 2839 4241 
32 4150 7927 1655 656 6927 8882 1311 9132 3373 9288 7564 8864 5462 9433 9998 9358 3222 684 1827 2936 6572 2047 954 5736 706 2249 3143 5431 8735 2073 566 6453 
24 6115 6849 2455 7102 2000 5287 5426 1257 7234 3157 7614 4472 3436 4533 2715 279 6940 4852 1786 4850 4210 1996 7925 8730 
19 3988 699 9495 2112 7692 1565 2288 5614 9853 7961 1361 6626 7736 6278 4812 6005 2326 4506 1088 
14 5885 6455 8786 8823 6742 4602 6886 9262 1256 4300 9019 771 1493 6686 
34 541 7082 6765 7085 9620 3732 617 7135 7762 3974 4113 281 4406 1612 2319 4043 4997 5482 7521 4100 723 6276 931 784 4864 4726 4702 1133 221 3787 6461 1865 8552 8154 
16 4143 1630 6110 3291 4426 3328 5801 4698 5597 9049 9760 2822 8468 3741 8123 8331 
16 6228 1879 419 4482 6601 2732 2817 9570 3746 8560 1455 7984 4653 5933 3570 9287 
25 622 1421 1949 9033 4063 9962 659 2906 9729 3905 395 8428 2154 2859 1988 2955 9185 6414 6945 6431 8170 7396 4655 346 9693 
19 1833 4794 8346 2440 9464 1281 8973 560 4006 545 4874 7354 9431 471 1554 1083 6852 3357 3367 
25 6961 5393 4194 9874 7567 3680 1496 5913 3770 9655 969 4584 1787 2359 8749 243 9269 7886 5870 6030 185 6126 6869 4238 4325 
33 29 8024 7638 2518 1 9375 5169 3657 2875 3466 5725 3757 912 7259 7529 7286 4442 5729 7273 7107 6847 6054 2466 9285 7367 2131 7074 3683 2098 2697 7568 6087 3617 
21 1664 8073 3022 8609 5952 1768 3624 9844 2191 2959 1781 3686 9967 4902 53 841 5271 8161 798 4448 4818 
15 55 8967 7930 6691 858 5414 7780 2363 3243 6761 3492 3641 9277 8674 8057 
18 9523 7104 6669 2497 7380 5241 993 930 4130 4398 3896 6907 4832 624 4747 6436 958 1000 
38 9216 8021 5017 8747 5291 6967 4966 9195 1864 3829 6056 3007 3854 2125 3999 4312 3473 3763 6556 3939 600 2003 1548 4708 5010 5177 3192 4670 4534 8423 2643 4077 7350 3172 7537 9577 5125 6467 
32 9283 4414 892 493 2856 3319 9118 9761 4344 5844 7081 9632 716 3997 310 8753 7855 1678 5355 2889 2475 8781 8706 9217 9931 6401 6291 383 7906 5508 4803 8131 
32 4842 6884 3833 1106 2781 4593 7595 9151 967 3790 280 6140 7594 7763 1320 7298 2344 9112 5877 6131 2708 6666 9895 5546 1858 9502 1481 9608 794 1653 7783 8217 
32 2576 1323 3176 8915 5888 9557 1046 8595 7988 1480 4046 8603 3173 5486 9378 678 614 5420 5166 5258 1974 2215 5186 3523 647 8349 1258 3020 1356 3965 5790 3723 
29 4346 2536 3459 7779 7712 9362 3645 4582 5016 8997 7939 9080 5093 6504 8438 1068 7371 4740 6299 9786 2816 4573 4548 4367 9339 9759 5812 6151 6405 
9 1888 166 7804 5475 5728 2294 1941 7760 722 
20 734 4836 9897 8782 9817 6610 7995 8050 8852 1249 2201 1927 8180 7469 9676 927 2211 1961 8884 9227 
23 3149 1593 6756 6338 8285 9071 2207 1263 9846 7456 8968 3788 6555 8443 9904 8206 3189 1144 6941 1479 3284 9517 3021 
35 7119 2881 1386 3414 5751 6270 1746 97 6248 2246 2272 4470 2504 7021 239 3212 5986 6975 3756 6014 8003 4936 6154 1916 8977 9310 2069 38 3033 4860 2450 8503 4424 7123 8453 
22 4214 364 1668 9727 8250 2084 9395 9350 9488 5427 6303 6972 4462 8577 3876 4542 4041 6323 7702 4479 3589 5543 
19 7862 286 2043 3505 1264 5208 8916 6730 4692 6444 2990 4259 2396 547 5969 5883 7565 1318 7058 
10 157 4706 2742 4011 3088 7343 8282 5591 9765 5020 
33 2986 1984 7357 3317 9640 2338 6023 7535 8243 3867 2107 1193 1292 4104 8534 2596 6682 9152 6129 1119 1623 2317 5378 8005 3716 8256 3766 4484 390 8861 9507 8137 8582 
14 297 1002 7931 1598 8788 2088 6937 1807 6499 5348 9650 7824 1210 8480 
15 1978 4673 2167 3539 7910 1174 8678 140 3698 7983 8260 2289 4350 3994 9472 
18 3103 7889 1674 7648 7870 4405 7548 5866 6589 9249 2486 4275 1202 4795 7163 5652 8120 7472 
18 5341 583 6164 3073 7554 8940 2654 3532 4213 3258 1376 9404 5834 2318 2361 3612 329 4145 
16 2912 6321 8954 2102 339 7212 8388 8358 9745 2372 8295 1952 1350 6569 4311 2818 
13 3281 1090 2147 9164 8042 2927 4595 9858 8245 4074 2758 6521 1923 
24 5716 658 4781 8774 8410 2570 7211 1733 4605 8719 1058 385 4565 9318 3374 2678 628 4755 1462 7059 4363 2998 1823 343 
35 957 8104 1908 9524 8155 2696 7096 9265 6279 9652 8316 6103 4282 4550 2089 2151 8755 7507 2443 3973 7461 3448 3074 3684 7997 2469 5229 8053 6440 5544 2550 4157 2540 5029 4120 
19 6724 8204 8536 1201 7686 8259 9742 5045 8542 8953 5998 5630 6963 501 2526 6888 9884 2580 4941 
33 445 1689 5757 8521 6634 8795 5267 6313 3062 886 8505 550 6253 3070 2713 5042 3907 5958 5032 1649 5309 1976 9447 9111 6219 5980 7578 291 6395 5707 3548 8132 1022 
21 3693 8868 4938 1381 589 9363 870 7447 4026 8045 9050 6651 5916 7841 915 2529 9154 4823 2449 4338 1948 
25 2020 4788 1313 1503 3740 6399 369 8687 4594 7493 3799 3231 1871 670 4009 9136 1435 2768 6483 3195 8829 9386 8930 5993 5573 
21 8395 7640 5112 6239 7000 9179 7732 8190 7933 5809 5619 285 6235 683 6047 8906 4135 3738 9740 3028 4891 
12 2008 4586 4299 2261 3026 4887 8235 2251 7813 3224 5294 9304 
21 8406 9246 5636 2717 2330 7592 4211 7542 4086 6059 7363 8169 3052 4323 2204 1622 7327 4870 8280 1183 9360 
16 5598 4455 7637 5686 7193 660 6643 7278 7633 8780 5608 5134 6312 153 9428 6517 
31 3030 2118 7236 780 6293 5437 847 3507 5317 3635 4890 9224 3299 7321 7582 1382 9683 972 1650 334 9959 5898 1333 5676 5787 8369 2730 1958 4446 5280 4538 
15 3471 6068 5771 8088 7854 6949 5275 1936 2962 5657 6482 8168 2821 4140 2055 
20 7141 1794 8440 5347 2178 5043 709 7729 8058 121 2568 1639 3372 10 6953 5651 8725 5308 9824 8490 
39 8102 5954 3398 7682 7425 2543 5526 1391 6865 7334 2141 1810 3474 7865 3925 695 6712 6366 8074 4368 7260 997 2996 6813 1224 3452 7852 2493 9315 4952 5328 7487 5869 6702 5845 4841 9383 5361 3279 
29 585 8736 1734 4507 211 459 5031 9438 3278 5155 4012 9542 1277 1690 7551 3700 3960 3000 5128 9258 3809 6892 8036 1848 2301 4570 5055 4490 2664 
26 268 8713 3092 6567 2741 6089 3524 649 9228 2972 4634 1692 8691 9208 2804 8007 5582 5104 1310 8881 5852 7723 7063 7015 7042 1646 
16 4495 1113 2216 4101 241 1349 1152 990 106 7903 7817 5534 8502 9001 4329 2265 
22 1353 3457 5369 3830 2425 9613 415 9232 5835 5076 9980 1348 2893 7164 7935 4964 1534 732 276 4632 1567 7025 
19 5406 2791 5006 8309 9349 7483 2631 4136 3489 8855 4915 9086 1164 1611 7500 2988 7893 5118 9530 
24 8342 9503 6563 313 7282 9539 8506 8373 1715 1800 4486 9029 3256 5561 8672 9730 5181 6564 1713 9465 6311 8278 3286 5571 
16 5649 1922 25 5468 3670 1401 5938 9415 8409 1506 5750 9567 6051 4057 231 9766 
15 1528 1803 4824 3295 9155 7701 6772 7007 7130 3674 1371 213 3736 2177 6795 
34 2941 8179 1564 2896 6024 7916 9263 9075 3203 7629 4491 7830 2796 8826 1688 8383 889 78 8270 8822 4762 735 1621 1505 8846 9756 3303 3348 7776 6731 1128 1663 6470 7641 
24 3025 9685 6875 2973 6710 2442 9419 3366 9972 91 6784 3793 2260 1943 9553 6681 1861 67 4264 3377 5529 8593 4469 6063 
26 1735 1489 9267 4246 417 4137 607 9158 5193 7778 7080 7392 3846 3550 9671 9880 5168 9153 3296 5103 3153 6766 1795 299 31 8606 
33 5304 8209 5500 135 6475 2651 9576 4371 2667 1521 5009 1016 6181 5864 5023 8917 8284 1450 1072 9175 6811 6802 7541 8215 2018 4216 6354 7218 5024 5964 4295 1892 1805 
22 4829 9230 4073 6602 4881 183 7619 8252 5524 94 3332 3582 3365 9201 1648 1703 7181 5683 5011 4203 3042 8119 
15 741 8484 2942 6851 9830 6021 8128 9949 3949 81 5903 2133 8607 3858 6350 
22 5381 8586 482 8637 483 1684 7232 6182 552 6336 3364 353 636 4802 3269 8345 126 2244 4912 3979 9868 3749 
21 9979 1269 9100 4070 2284 3912 4452 8567 4754 5590 9119 3164 7470 7242 229 4697 2224 8897 6258 1261 6260 
24 8559 6456 9602 5205 6711 3602 9795 2731 1319 6397 3551 2943 250 8971 4176 4513 2668 4527 6586 407 971 6817 4390 7182 
15 3743 8699 128 2783 2577 8445 5660 1985 2053 9921 1120 9168 8311 5900 9476 
21 9581 3197 1251 6536 7444 1519 6823 9686 9060 2283 5109 7027 5528 1483 9443 2807 7290 1467 2671 4540 8722 
20 6039 7560 4845 2189 2062 8931 5183 9233 556 2871 1017 5633 5084 5509 8066 5423 9986 6348 170 6342 
19 8520 7546 57 4411 1933 470 4732 3018 3144 4030 3472 4131 6508 1881 6074 2064 4886 8622 4158 
35 8728 4648 3490 9353 7152 3759 8263 7048 1048 2065 2234 9838 5210 5794 1914 8166 7351 7978 9933 6077 5448 1632 9122 4917 551 2569 7033 9551 6760 9051 7739 792 5978 3688 5225 
17 4687 499 576 8692 4212 8599 2662 5164 287 3363 6049 8240 2879 901 1425 3238 2032 
22 3564 7230 2401 4830 559 9466 3434 2220 9238 387 4456 5306 6452 1027 4142 9905 5897 2827 5599 9782 757 6113 
9 580 6192 4980 1994 1500 3453 9068 6744 5226 
36 6649 7320 1121 1276 5955 5779 4914 1294 5238 6188 5995 5941 355 4566 5768 5523 5532 2837 495 4460 5625 3511 5367 7072 9801 9969 1321 1007 9603 8611 7593 9521 7251 6250 2100 7146 
11 61 6877 3381 5140 744 1357 4535 5220 855 7362 1087 
35 5161 1030 9543 6413 6739 3047 5601 4880 3205 8493 3499 8229 3509 8366 2332 5464 7807 3748 5552 801 4694 4529 1477 8233 1155 5319 3306 1126 3084 6411 7214 8080 8463 5944 8054 
33 6952 3575 513 3105 5711 5815 4119 4089 7271 8895 3216 1590 405 4746 9739 2567 2682 1409 451 8771 6632 4581 1099 3456 5784 4668 5749 4759 2138 9635 6271 136 626 
15 7877 1874 2548 6157 3501 7990 9713 8625 9875 4530 6993 5057 1306 5720 6221 
9 7799 1625 7666 6474 3502 7477 629 2866 3560 
11 489 8184 2383 93 7972 9750 1665 197 4752 4568 9673 
34 9207 7612 3384 6420 5158 6133 9481 4327 5899 1476 8401 1791 3075 7525 9479 9376 2978 1145 1132 8390 1989 9616 1388 1780 3223 1397 87 6899 9338 2946 2914 1581 685 6494 
14 8420 5387 5654 2780 5712 3615 4372 348 2857 1595 7453 9732 850 773 
15 8675 6424 4184 3108 3966 4409 1146 174 5762 804 3872 7051 7996 5876 7467 
16 5245 5495 2653 1182 5962 2292 4677 4924 5201 1844 6236 7481 6300 937 6576 7527 
21 6160 8203 6265 3938 152 9065 4930 9948 1246 8199 9218 6560 3158 3516 4402 4766 2165 3715 8581 5988 4955 
13 7468 5530 2572 7623 7518 9373 4633 7617 5407 7964 5937 1290 7731 
19 1866 6879 6622 6833 3808 2039 6176 7099 1535 525 7201 1578 2616 6611 9413 6330 1280 9301 6665 
29 3692 4084 5156 8236 671 2217 8806 2790 5632 4559 8960 6447 2116 1050 7505 8115 7528 760 2419 6660 7835 236 8685 4908 3274 8090 5443 7943 9131 
20 8578 7940 2694 1513 8153 940 8525 3820 8417 4923 5488 6624 4108 9719 6872 8834 4510 2786 3518 1962 
16 9121 4152 1449 9009 9807 9108 3171 1574 6071 3653 6535 7044 3327 8078 5273 5665 
15 1993 8271 1959 8995 1239 4331 4274 5441 932 3254 3727 3971 8838 1939 247 
36 3239 1406 1852 9805 4686 5234 1910 9202 9475 3290 6374 514 7769 7498 5394 8293 3606 3661 8177 9955 9571 4067 6612 5849 7313 7605 4801 5966 7486 7400 7449 2085 8757 8365 416 7522 
21 9901 1635 1524 4016 3936 5157 6777 7958 7160 4501 4835 9059 717 5828 7204 9200 8321 4418 6322 9558 8171 
13 7911 5480 305 198 8886 7139 5144 1987 2865 900 3520 1084 9721 
35 9411 7180 6168 2539 8554 1460 6969 8642 9364 7555 4433 2374 4111 5040 1464 6138 4033 112 4770 4407 806 3399 333 3982 7047 4438 7056 5392 5126 8714 879 1060 7834 1951 8947 
11 1563 6319 9784 4440 1031 8591 433 6778 7552 4626 7061 
7 4882 3596 3202 3246 5755 8393 6018 
16 5902 2944 5352 5263 7856 2706 6657 118 2921 4689 8072 5163 7065 6363 3893 2887 
12 7229 1177 7337 6584 5690 2406 7275 9611 5372 4856 1695 7206 
8 4066 2293 5983 9021 2027 1151 829 7482 
23 6965 4984 1518 4520 5417 366 3902 1345 6105 9697 1770 1789 6145 8558 1080 9580 2094 8683 3369 6715 2794 7356 8700 
35 610 7114 8892 4088 4957 6648 6280 4256 1062 388 8239 5094 9103 4457 7570 6522 663 3828 8512 2389 2334 6787 3642 765 4926 5974 526 1490 3942 8320 7166 3838 3984 6919 5723 
27 7318 4644 6041 5188 1774 8547 736 4365 2762 3101 6020 634 2522 5696 6510 3385 7868 2101 2071 9178 3464 3106 913 107 4049 2019 2225 
18 2429 1438 6658 7117 1208 2370 6146 3625 9894 3919 5979 7951 3522 4695 980 391 3812 5586 
16 6633 7346 4722 9934 5154 8516 2437 6542 3016 4454 2719 6332 7820 4974 6090 4432 
32 2278 5808 8449 8832 7876 497 9527 1676 2343 1198 9694 1461 5556 527 5872 8621 9480 3913 2611 1026 8526 8828 8944 5115 5703 4931 5075 1495 2277 430 4790 2586 
28 2774 4575 9869 6818 3906 9497 6062 6962 8945 1045 7726 2645 9436 2129 6137 9194 4597 8200 7652 2149 9367 750 2182 7544 2823 2307 3298 1003 
27 9020 2738 4546 4352 4965 5099 4561 6775 8105 8004 5537 2159 1551 5421 6469 4461 748 787 9047 5206 3504 5121 8507 9792 8363 6650 5859 
13 2418 6545 2183 7550 3497 5365 5788 4504 9660 7310 8488 4779 5547 
35 9291 6740 7277 5187 3636 2613 3482 4441 7562 8987 6134 4654 1317 2561 4168 6486 171 1743 6803 4076 5796 2150 3419 2124 2483 6688 7317 2746 7597 5949 3126 2185 3335 4296 1562 
9 9626 2327 1192 5098 3483 6490 3916 6990 5059 
32 9187 7020 8254 2235 8085 2937 9842 1968 8272 7187 352 6179 9074 130 2622 893 2841 8814 9321 7645 9816 8833 8264 3359 7871 6249 2555 5840 2918 8322 5081 8000 
19 8509 6155 6012 4029 5135 4709 3901 2121 2958 8416 384 6583 788 9067 5202 7138 1472 2770 8850 
19 4098 477 4196 975 8133 2825 5344 5679 6910 9368 255 575 3316 7506 532 9840 4337 4332 4716 
13 7227 1763 2890 1754 630 4283 5814 9266 4918 1052 8641 7111 5672 
20 6694 5060 4164 5920 8059 9135 6247 3685 9077 8638 7680 7909 101 9007 3995 5051 13 2376 3562 3346 
28 219 9985 4450 1325 40 6156 7339 342 6120 8793 6830 4188 2793 5739 7584 4478 6079 4771 2514 7919 7126 4294 7359 2013 7953 9714 998 3985 
15 2176 8297 2091 9903 8985 4751 5644 5162 9427 5065 2554 3080 3378 5312 8122 
21 1815 4885 6741 8784 9735 5069 7239 4163 1051 9324 8721 7566 2945 4543 5780 4146 4599 7437 7577 1377 4133 
17 5222 400 7867 2982 633 2802 2602 6331 1299 3211 7900 6642 8253 9885 7539 3702 2007 
26 9670 864 3614 3292 5191 5097 7352 3010 3331 8738 1053 8887 7674 1856 2676 681 2761 7644 1404 9590 4444 5960 5003 9876 7002 2964 
31 6361 113 277 7255 6842 7434 7847 3513 9836 8028 1539 65 4701 6231 4590 6083 2340 8532 1538 4082 9663 9253 6792 9439 2985 5735 8371 8429 8327 6750 8414 
15 3321 6755 6709 591 2542 917 6837 393 9088 269 9243 2490 1636 0 5821 
19 3647 1125 9828 9181 9597 8013 3342 3006 6388 2202 7421 1445 3040 4129 7681 7676 6035 7742 3850 
23 8564 4223 8370 3066 5477 9116 6705 3818 7256 1023 4810 3503 1990 4945 2416 5946 323 3837 7083 2219 8888 6433 1439 
7 7716 1444 6027 8347 5741 8668 7632 
33 6913 6547 4544 9923 1331 3393 949 3146 7474 3874 6848 6696 5133 991 9917 2956 7353 7177 7179 6590 2274 1769 727 3587 4182 1162 5726 7981 1808 1129 8152 5047 2773 
7 6607 7196 9044 2186 4619 2739 6753 
16 3168 3708 4128 1130 9384 8127 2398 1094 3061 3001 6227 8912 4148 389 7784 5334 
33 2313 5615 7768 8803 6141 66 2930 2076 4792 9809 454 2693 2621 4204 4443 1217 467 8010 4468 814 3590 8805 8643 7244 2795 7878 8195 5395 3987 2280 906 1247 4103 
23 1724 6767 5332 3750 8807 6678 6495 5810 9092 786 4165 8436 2733 4946 1329 1243 9398 3934 7989 6616 1295 3781 5376 
19 5402 3655 3866 5699 4250 7685 330 7901 1453 2173 249 2901 9734 2722 1394 4985 7403 5925 8824 
21 6900 3758 318 208 657 5553 8197 2995 6175 2772 5430 2701 7607 6964 7478 2080 7888 756 4273 4606 1343 
7 2507 8323 2782 3840 7464 1236 2939 
17 5343 9556 4875 1508 9872 942 5366 4415 1947 7793 9038 8741 2633 1555 5825 7011 3097 
38 3667 4208 2566 1233 9634 2250 9457 3215 177 2377 3099 9388 5782 3271 8017 5999 918 5730 2231 9237 7531 3234 6509 7345 1457 878 2028 1732 4640 664 5432 3275 1903 7395 9061 4683 4865 3883 
31 554 6135 328 150 2036 1102 8665 374 4227 2415 1069 3425 9328 2402 1424 774 6692 6679 8281 2263 8778 3383 5119 4381 1691 3063 3162 8100 5242 1751 3737 
7 7088 1530 9806 3739 2119 8303 8330 
18 8587 6269 3891 7248 8766 2639 4065 5001 8952 350 8553 5594 9672 1793 1021 5130 669 8430 
23 6418 4200 5554 326 8419 1685 225 4123 3227 2412 2351 2336 7752 3401 7240 7254 8340 3071 4392 5926 5563 3134 7049 
31 9698 4873 2523 8464 1977 7162 5557 6197 4209 947 4038 689 9150 3699 473 1796 5956 6025 8258 9372 4439 2579 6050 373 7426 2704 8501 9493 2679 5494 590 
30 8698 817 9851 1267 3795 3114 9171 5628 2661 7941 7576 2525 1896 509 4784 9319 7987 793 2636 754 7547 2153 4547 6298 4982 28 5921 7897 641 5471 
27 6780 6044 9320 9012 2399 6069 2635 7710 8367 9242 7745 7309 934 3735 5481 6571 9302 8590 5600 5243 1918 5000 8946 347 5742 8332 2724 
20 4056 7129 7451 442 7226 6575 4862 7068 1004 7078 1431 2737 4272 26 9547 8360 6928 9899 5985 2463 
12 2531 5237 3426 9575 32 376 7411 1169 9357 9346 7071 8596 
26 3410 5358 5890 3512 1111 422 5853 6422 4384 4588 9548 8676 3004 1711 1214 6935 7765 9124 8894 6701 5322 3113 5855 6257 8710 976 
37 5881 8630 8158 2495 8653 4953 8523 2753 3609 7873 8500 6915 8928 1981 9574 936 9247 8649 6116 7402 7189 5763 3353 5611 4505 8196 6661 5397 5066 6934 4380 2976 6573 6959 790 5865 8618 
21 8086 6053 933 8187 6244 9070 8686 2054 7370 6674 6211 5305 8646 4235 581 7520 5975 301 7112 707 3259 
30 8189 3368 1186 3802 1441 6597 9272 2867 1820 3811 1368 4121 7791 1720 1075 4429 5002 9244 1824 6801 6315 2331 7511 2987 7054 9309 5617 2196 7496 2203 
42 2828 3424 1010 3083 3666 4806 8530 4585 5422 9710 8555 5457 4879 3228 1008 1466 959 7502 399 6488 7132 4809 6122 4903 5548 1604 288 8528 9961 2496 3706 9174 4480 3800 747 2096 4728 2683 2456 8690 1055 5244 
42 7849 1228 2649 1913 9127 2394 9964 2702 193 7415 4224 4014 5519 3556 9983 6375 9205 7904 7016 8863 8283 8060 3920 3545 4389 8469 1950 2699 9096 3834 1032 5153 1608 8818 6468 9203 5459 8910 7476 8980 406 557 
18 394 1637 9052 9255 3816 7683 3420 3701 8529 3345 6082 6476 979 1979 8760 1656 1339 2049 
18 6843 6123 842 2915 9926 8146 2934 5351 3807 7110 5531 9808 4463 8174 3931 2113 3264 1009 
29 5027 7028 5710 6473 3566 5830 1436 2810 3429 8664 897 1960 9141 8218 3115 518 6281 1682 9489 1657 3209 3206 1542 7959 3128 2843 2492 9311 8870 
33 7709 7846 5025 854 7759 6380 6716 8667 1248 1709 9006 1756 9225 1753 5484 6977 803 2365 983 344 4362 7295 6427 8663 1552 623 7073 302 3656 5449 3110 4047 2508 
5 7188 1512 2718 1533 978 
34 1332 5875 6208 9751 1352 1631 775 9101 4699 6579 1309 2156 163 7490 5026 5005 3 7615 8049 7018 6205 3567 4925 3926 5759 7670 3034 4956 8942 1366 705 1812 5811 3887 
26 4475 5466 8351 6220 3583 6814 292 7191 2797 821 5160 4871 9950 8103 6905 6515 2038 3711 548 6355 4967 7052 1514 6246 1602 6152 
33 7064 3294 2511 41 9696 4703 9625 6985 102 6989 5279 6832 9031 76 7866 8334 9231 9331 6859 5655 9327 43 3081 5772 4999 2723 1708 479 5489 3349 443 8372 7789 
25 8213 8425 5990 4635 9485 1792 8575 922 2105 7816 843 7613 7291 9342 4975 3183 6732 1928 8626 3922 7039 7489 6943 4220 5063 
23 6912 272 8550 7823 6728 6234 9213 1042 8669 2632 6264 3214 9621 1816 1971 3019 1157 1362 755 4753 5536 796 3478 
20 8787 6493 2784 9813 3991 95 8192 7635 9435 3917 7945 569 1107 3996 6028 4760 6136 5248 8156 4177 
13 3697 8848 6003 9804 5674 3530 9377 8389 6217 5311 5760 2609 3204 
29 4536 6404 9137 457 164 4652 7912 9165 7118 6359 1779 8801 8843 3561 2601 7006 9778 6820 434 1956 9525 3280 204 3945 2321 1972 3860 8098 3380 
25 6656 2324 3461 5887 1430 3940 1211 8869 2035 5356 1752 7045 5386 1061 3955 5330 2826 3695 5775 6592 4401 1367 4286 5666 4243 
18 1227 3257 6360 4050 5240 4493 7019 4858 4969 1710 1417 6190 712 3898 9198 9811 2227 5504 
23 7293 1447 9544 5295 6729 8504 5088 2011 4328 3621 8288 6596 7120 6591 1706 5752 51 4010 966 6096 4267 7289 2618 
28 5971 3148 3572 8198 6718 9947 9951 9512 2551 6132 3261 9812 2680 4773 9157 680 2205 9278 8656 4567 2348 50 9914 5342 6294 759 7766 6185 
39 6662 7319 4720 9450 7034 4854 7010 6237 8486 1643 7361 5878 2082 6708 6290 3894 11 3595 3011 5512 2358 5068 7832 3577 8357 2974 7443 3087 988 8756 4922 5555 6195 5399 5435 5551 2814 5230 1929 
30 3333 2748 530 1221 1777 3663 2585 5622 3623 396 7143 9624 8904 1897 3714 3494 1516 4919 4730 6543 3336 6225 1056 3900 981 8702 4808 2806 8770 9906 
29 1194 3119 8191 2578 3669 3155 2948 8312 3210 6680 9407 639 5715 6609 6043 356 5778 5019 2451 2378 2239 2489 3312 9999 1680 4723 9215 321 1705 
33 2296 3029 409 2382 7628 9209 6251 7457 3843 6727 1271 9106 6987 2417 194 1814 5102 4032 8061 227 4674 2687 7155 5595 2127 9356 4151 834 2830 9773 7183 6994 9970 
16 9733 1407 5698 9045 7572 9769 3915 4245 1587 4027 3179 2310 5839 770 7133 9281 
42 6529 9852 6296 7631 4826 8791 354 4366 1583 3531 7812 508 7691 1504 2846 2910 202 1967 1921 122 6816 5862 5052 4804 6734 2685 7032 7721 8399 2820 6553 9016 8639 9343 9606 911 5499 2623 8211 1701 1019 7795 
30 1883 5227 2026 7446 5054 5656 529 9134 9381 8485 4775 2174 3085 1188 698 7262 4279 8933 6891 7265 7250 7608 9966 1919 9399 8769 5030 4580 7673 4127 
21 7455 1492 3910 6430 1365 7777 2240 872 487 1298 8354 2617 5277 132 3125 4943 960 4412 5296 4987 5841 
26 7711 4260 3104 4202 5539 2981 1912 2467 9667 7414 9300 7142 3847 6038 4947 9470 8476 370 7797 9572 7322 1370 3519 158 336 1284 
17 8965 1411 1953 1253 3178 8439 5336 9591 7887 2484 7895 1108 2625 6448 9642 6365 1722 
35 6794 6951 3605 4028 8194 380 5400 8851 4159 8494 3845 1840 1819 9722 6983 7707 8143 8165 2004 8248 2295 868 8461 5826 2811 7589 8999 2594 6685 2329 4277 8185 4348 5697 1558 
30 9820 6558 7406 332 5593 1415 9516 6393 7167 3450 2104 4358 1383 5139 8025 261 812 7328 2582 2155 588 7519 2114 7202 6273 9499 5923 4185 9545 9638 
37 3049 1013 730 7874 3783 4704 9564 4744 230 6106 1638 8450 3121 3267 151 274 1468 1761 6442 3613 2279 1171 815 6215 8002 520 4889 6497 9261 625 2002 593 8267 7836 1408 1573 3588 
33 7140 3236 8447 3050 5511 1222 7209 7276 8228 7643 6902 7915 3859 8026 8491 2513 2479 83 7587 9490 2851 8565 5747 220 3060 9081 6214 8837 9057 6007 371 1141 6917 
15 8227 3774 6759 4081 44 3954 3944 6673 9692 9703 7008 5718 2457 59 7700 
25 7186 9402 3396 2305 6392 6076 1721 5915 6757 4498 1532 6562 8481 6743 3186 4906 3150 8299 2950 5080 9755 6382 207 2168 4483 
26 4877 9559 5777 5668 4587 7840 7665 3181 9133 23 6286 5522 824 114 4727 3187 446 7338 2878 9555 2170 4445 4393 6080 5682 5108 
18 3546 4693 4661 8835 1252 8071 5463 5585 621 4015 7992 8712 4707 5276 4434 1149 8251 1642 
34 3245 1773 1970 9477 8937 3117 2675 6163 7316 1104 890 5329 6722 724 2501 7879 887 3300 3568 5558 9835 7974 4571 4336 5930 5327 3998 6092 3600 6394 7484 5138 9259 5293 
24 2589 4665 6245 6615 169 7364 952 3465 7516 3765 2534 6619 4899 5389 1834 515 6325 8813 9674 4681 3777 96 2646 9723 
29 7810 3409 3989 7580 9549 7698 3112 1845 1537 5914 6921 612 4523 964 1740 7875 5007 5035 3888 1434 7858 5612 5015 2637 7530 3184 579 3586 939 
34 8029 6786 502 956 950 984 3958 4099 2505 7513 8413 8099 3135 9043 1501 1905 9533 9886 2256 139 813 7942 3382 179 925 2083 6489 2067 8364 3287 5198 4778 5408 4374 
24 9046 1651 4207 8219 9345 9341 3124 5170 1168 1620 7829 3086 9594 2757 9762 9053 3806 5638 6428 1798 8499 2262 1158 7600 
38 19 9090 8629 4910 212 4613 6825 2480 9440 9248 5824 3691 52 7749 6839 3463 2729 134 5216 4237 1999 9335 3437 500 4831 968 2381 9802 5110 6144 9173 5549 1878 9622 8666 535 1758 1378 
18 6654 7398 8426 655 665 2245 7190 4645 6274 9975 2477 2122 857 1389 9219 6605 9758 4471 
23 6189 726 9631 6645 9199 2652 74 3230 6620 1696 7121 6554 75 9308 6084 3835 1059 5224 4308 1898 7335 1718 7036 
33 1414 1024 565 3058 8989 8110 1886 2126 3952 6659 8820 2557 9826 6353 4942 256 970 6565 4258 9422 6667 8907 496 7545 5677 2650 9040 1380 8684 9432 8183 8508 3903 
36 8783 8557 5748 9705 3594 4764 8151 9159 1523 7697 599 8023 4667 9800 1681 9534 5364 6629 6574 4710 9682 4234 2405 2257 3725 9618 6233 404 7845 6992 5493 8913 3627 1809 2610 3620 
32 3527 2975 3786 6327 2352 6398 5453 7448 6484 8266 3314 7609 8911 5880 9658 4265 3413 8294 9653 2752 5152 6524 167 4721 2775 2503 9013 5044 1288 5150 4962 8113 
43 6502 3826 2957 8434 5566 830 5503 7203 8938 178 2045 7837 7103 3895 7727 4072 8963 8540 9879 8544 9643 6540 6006 7549 9416 9510 7124 9664 2158 3151 570 4598 781 1063 2855 5207 3415 2886 8216 845 9614 8594 4929 
23 9166 8149 8376 9282 9890 9925 9072 2190 6776 8495 9423 4932 7168 3713 5286 6646 651 5467 4509 410 4324 1586 1359 
19 2603 1605 627 3773 9562 3616 1667 8546 2648 2346 9076 3407 9145 1279 9771 3792 5977 2243 1139 
23 6139 3067 9469 5829 6903 4205 2979 3785 8018 7569 9073 7122 6860 5333 2674 7908 2953 5961 8114 3644 4079 3012 4013 
15 8489 2297 7194 3992 9444 5249 1714 9183 1140 5127 8919 8724 6112 3712 6603 
16 1838 7575 1670 7966 8006 9598 5346 7892 919 7257 5037 9887 7669 6958 1456 7161 
16 567 7512 3068 9382 2967 3051 8353 1494 826 244 2388 4857 7501 2373 2599 8563 
25 696 9316 8157 4107 6173 46 7344 1101 8631 4244 9226 4062 1584 7998 4499 5411 4777 714 232 863 3709 6349 6158 795 181 
19 7435 8262 2928 9286 9680 1729 2077 9832 1232 9394 6544 652 6302 5439 9781 6944 9993 8898 4846 
19 5218 2106 6200 4291 146 9981 2673 9186 1289 2712 4001 6162 8679 3864 3015 1813 1599 3928 7252 
3 666 1159 7376 
23 6485 8458 8978 3445 4615 8742 7263 4798 6283 294 4638 408 8605 1440 3678 9794 7559 3322 9336 7831 6840 638 8377 
37 7864 7687 9691 245 2690 7934 2464 7636 5701 3904 147 523 1179 5323 1166 6301 8551 4055 3449 1041 8817 9091 8247 2254 7388 8286 3526 1615 6010 5745 7300 49 6368 9486 8613 3611 3289 
24 3147 3986 6104 4651 5262 4093 7588 7798 8729 3844 3481 6791 4738 9455 9973 3350 4859 7696 9668 9371 9024 6364 8941 4725 
32 3918 4437 3865 1206 2164 4068 9240 9508 4851 9498 5259 4805 5167 9661 42 2494 1167 1375 7738 3344 5542 3440 4783 7199 8255 1694 2349 6153 8636 5896 3679 5606 
18 8932 2424 8302 697 720 9252 8108 1402 2213 4217 3968 6600 9509 9098 4005 5895 828 737 
38 3249 6457 4170 4624 4657 3038 2033 767 8981 8984 6882 1930 7857 6699 6085 1029 8475 8343 7454 3630 2552 7598 5195 6267 8623 8305 3956 6918 4576 5266 7473 2968 4545 7349 8790 3762 7751 7459 
