30 2822 3632 405 9940 2147 236 2136 5969 3532 1545 2078 9871 6082 2082 5767 9609 6644 4555 7143 3967 9834 1687 9198 4319 5009 1518 9041 1601 936 98 
31 2921 3042 7929 6889 5423 4817 5188 6616 5296 1317 2260 9906 412 2617 1894 3250 6521 3639 4321 7103 6132 728 293 316 4681 4905 566 3816 4791 3403 5674 
30 7136 3833 7173 6925 7603 1659 3804 9456 93 6393 7078 3254 7651 1899 1034 1914 1664 2287 9040 755 4451 5099 4849 298 3438 8058 8164 3668 7537 9932 
29 3117 1437 3258 1614 4286 7381 6643 6686 3934 7390 4130 2780 4180 7114 9424 3677 7673 6689 8973 4982 5364 5437 1685 1281 7463 448 2969 3857 7756 
27 835 6885 1896 1704 5632 9484 6280 2687 6230 5603 3955 564 2984 7271 1537 2227 6110 7325 1078 1183 5521 1396 8978 2585 1791 9770 6479 
30 7833 8227 4650 7798 8053 6767 515 3033 5353 8741 2525 257 2760 4290 4952 5974 4045 6591 2324 5827 17 5697 2073 5518 7048 8306 7477 3607 1327 7341 
28 8450 1143 544 1863 5999 3266 9678 8381 9975 6550 925 8944 9368 636 9389 2185 449 6977 1763 7433 8524 5089 9108 3493 8061 8187 7805 3082 
33 2603 6557 9288 1364 4067 5148 1076 9242 9223 4692 1777 7038 1693 8055 2011 3124 1544 8842 7953 1052 4139 8087 4609 370 967 8091 9859 3910 4571 8935 2716 3829 5921 
30 2139 9492 3951 9629 5671 150 9491 8316 7765 8668 2590 3721 6272 5504 7058 9196 3672 8210 588 7961 6394 7420 8676 520 6489 1374 3800 9347 4254 8395 
29 9670 6613 1712 3044 8540 9752 8954 8564 6994 7981 9436 2243 7906 2826 1147 4161 917 2889 381 5927 9396 8580 4253 3726 7987 3352 6932 6217 8879 
29 1959 7639 4754 4068 5669 4046 4784 3292 2053 5670 6944 5821 6872 8562 916 4723 274 9757 8707 1216 7669 4651 312 399 8002 2088 8487 6142 7414 
30 1785 4797 8134 6407 5005 2569 6676 2266 4003 4446 1158 54 7766 4823 8538 3449 7130 4669 4570 1240 1291 7550 6144 9603 8032 6360 368 4135 8715 6787 
28 2635 2098 7708 2140 5020 1913 5706 2301 9762 974 3146 9309 1135 3525 4054 4085 5415 7070 4225 4024 8326 9301 1347 7991 3274 7002 869 5269 
33 6933 2090 9635 9817 6504 2770 3103 3904 3037 7405 2303 4958 8224 6705 8832 4316 2811 9091 3495 9297 2113 7027 3732 5630 6333 7302 8344 9514 2269 8244 4954 1136 2157 
28 5260 3492 7720 2836 1862 1560 504 513 4472 848 1118 2030 2255 3975 1490 1401 8787 9264 7591 7373 7571 9663 2363 9004 2938 7856 3101 1268 
31 493 2874 4249 1795 5990 9302 8620 1525 5976 4679 4178 3515 1695 7340 1091 3061 234 802 999 5252 5498 8495 7447 5458 6131 506 4463 4105 5678 2956 4916 
28 333 4114 5583 5668 2841 8711 2745 4251 9660 7268 6773 7300 6063 305 8860 2292 9896 8947 1513 897 6355 6799 2063 4337 9927 4793 2561 4690 
24 6261 7606 6600 2860 309 393 2762 1302 7097 5412 5913 4090 2882 5692 5708 7825 8405 7055 9524 4615 4026 7900 3580 2659 
27 2734 6488 7698 8949 8936 9147 5052 6744 4385 1679 1082 718 3290 2033 6208 254 7834 6678 9516 7497 7469 7687 6838 641 1672 6639 697 
32 6599 4980 2550 5008 9257 1670 1983 6655 4 1053 1760 7412 3803 1253 4110 2909 5584 4021 8826 1223 6545 101 9776 5468 6034 1755 1859 2072 978 47 3826 5690 
27 3060 446 4034 6922 8991 4116 5176 1792 1092 4435 6449 5847 7549 8814 568 4027 1578 6682 5421 162 7490 9865 7386 2616 6737 4419 4171 
26 2446 1539 6687 747 4560 3118 8791 9954 9067 9993 3846 5894 1352 4902 649 3031 5602 2742 3823 8853 4326 1237 8750 3030 9404 2084 
29 2234 626 5185 5151 6753 6816 5742 7105 3035 7531 5281 3456 861 8621 1535 4522 3805 2929 2665 3395 8738 8045 9924 2422 3451 2123 1484 3555 7502 
29 2922 3505 9787 6961 1421 2323 7065 9851 1301 6263 7284 2116 3981 1856 8882 8221 7273 8921 5179 1438 4744 770 5719 1877 6988 8959 5877 4097 3531 
30 2772 4701 3921 4607 8072 8178 1194 1980 7037 5291 9300 9763 4851 6321 5565 222 7829 8866 7133 847 201 6109 7512 752 7289 1279 5907 3467 6960 9343 
29 8033 5801 9820 1924 2459 3405 9165 8958 1299 5084 4489 9593 2539 8665 5664 5048 8871 3939 834 9779 148 1902 5232 426 3664 2380 5227 4789 4300 
34 8103 1711 5077 7161 6445 9761 289 4722 3439 841 230 1349 9412 9821 2720 2852 9845 5820 8926 6998 9717 9174 7040 3245 3365 7303 5039 5337 2095 621 8731 3474 3159 1773 
26 4172 8983 8052 2168 8549 5714 975 3429 7661 9857 6378 4417 8254 4934 354 1471 5605 6081 8905 10 9667 4228 8409 561 3080 4347 
29 5634 2152 2244 7985 1515 8746 2591 2238 8389 8687 3398 3402 4284 2316 3065 1517 1736 3184 6020 1008 6645 8951 2784 6260 4798 1629 9403 5033 3107 
28 6428 8854 9992 6459 5308 2873 3917 3619 9533 8249 5763 8917 868 2325 115 9672 5443 1832 52 9017 6775 5616 8729 2991 79 624 8392 9138 
31 7245 6151 4279 5968 1907 7016 7691 6419 8469 9815 9689 798 3488 3543 805 6895 2237 4335 2231 6963 9653 2131 5444 2515 9639 6066 5158 5795 7246 9650 124 
31 45 2440 8432 1410 5263 3139 9721 3854 9880 9451 7291 3484 2188 9228 6137 8015 7310 756 4894 4626 5663 269 9657 4362 1718 7810 3583 4352 8583 8351 3399 
26 2368 9861 9685 540 3417 3541 3243 1671 7614 546 6098 2675 7919 3514 6439 3004 7732 6870 129 9205 632 717 127 7729 2431 3436 
28 9475 9832 1846 1556 5472 9219 6242 7408 43 5878 3850 4591 116 6735 7146 4340 5806 9709 2941 3255 1273 4508 8202 3084 235 7435 9580 2565 
29 5266 4189 227 7979 3855 6677 6123 117 2707 2071 3546 4344 5200 3974 7739 3437 2593 6760 9944 7821 9379 8510 7119 2976 6901 501 1255 3868 4644 
28 6440 7080 4994 5997 4476 2057 4486 3647 597 1309 3553 3622 2014 8630 4312 9674 4868 1563 1296 8998 9608 4721 3588 9208 9474 696 7315 419 
26 3039 1359 1066 780 5224 3949 1592 36 2937 1248 2867 5083 9833 9458 5581 8908 4470 6058 7067 3338 2377 6981 1580 6784 3062 8465 
31 6198 2600 9695 2769 291 9322 171 6985 7538 2489 4724 4997 9835 4687 2397 4696 8007 9283 4814 9070 4719 6087 5641 2773 6926 8965 7807 8830 5621 5562 8805 
27 1434 7545 4259 8890 229 8937 4015 5556 8441 4885 4262 2052 7432 6352 5909 5786 7750 7476 7634 3413 1628 9124 9576 3354 2119 119 6135 
26 1179 3452 1822 7721 675 174 1532 1104 9793 1960 2589 2010 2077 3129 8310 5986 3012 786 5452 372 8555 5809 5092 4897 9969 9577 
32 156 8725 4796 6888 1590 2573 1267 5726 3242 8645 1549 3364 5404 2818 8509 895 8362 7378 5447 9262 3638 5853 1379 7403 5145 3994 894 9143 4841 3366 9015 4275 
26 6812 4751 2940 4529 7842 7028 22 3500 9562 8507 710 9455 7757 9852 3113 7410 2596 6555 3200 6661 5515 4479 2789 7174 518 7577 
27 1134 4433 8118 1700 7667 6551 4089 6331 3565 9979 2389 5761 8601 3616 2979 5539 4847 2319 1823 5267 4233 7594 3712 3706 2862 6673 4605 
29 5876 3425 6461 3630 667 9627 7327 3299 5301 5547 5279 5694 832 5477 1469 5287 4738 2723 4972 2861 7057 1663 3613 4705 1470 1634 8596 6974 6511 
25 1566 3516 6046 3707 9773 5368 6859 2433 9240 4247 8628 3548 6780 9414 5072 1977 9534 4595 1180 5961 8169 1538 1428 2786 2994 
28 2758 7494 6765 5658 6681 795 6411 3486 1433 1360 7706 9651 4081 1771 6483 6904 1511 2972 8626 658 6095 7862 2566 6751 5549 1010 9555 6216 
27 5959 1062 6864 2767 4195 4739 5883 8634 9795 3100 4370 5749 7039 2948 5854 9796 5239 7994 1702 5620 3526 8427 25 516 2532 3554 6014 
30 9151 295 2649 8733 5086 5949 3318 6309 3465 8642 9035 5282 7588 5346 5590 6079 3253 9801 4854 5933 8126 2978 9034 6943 1115 1022 5712 3106 6121 3767 
25 5604 5334 4802 1429 738 2622 6437 9808 4396 6666 8296 1698 1761 8124 6653 4893 3085 7127 2871 9638 9193 3098 9353 6303 9841 
33 4467 3832 3209 1191 4170 1835 8445 4304 4313 1340 2917 5369 9178 7071 2647 9007 5417 8675 9326 1496 407 1640 6875 5034 8301 8173 4342 6248 2257 4346 7008 5021 6091 
31 9738 3104 5388 8934 5516 4165 8663 5351 572 2331 4900 6097 4504 5791 1459 877 1873 5299 4438 2625 1087 4491 7814 542 3483 2340 9022 7517 321 8268 2783 
28 3883 553 9785 952 6322 3667 8328 4880 1193 6329 5238 5480 6849 3356 1962 6044 1070 4839 5485 2488 549 5563 2461 2089 1974 5812 3906 8514 
32 2150 8948 1407 9115 4530 9407 4350 1707 2846 7472 6914 2656 8390 2800 7088 6100 4549 904 4541 2592 5923 7797 7548 2102 1497 8818 9766 8018 4913 3985 9786 7260 
26 691 8152 3201 6815 1674 7840 9149 8206 9127 1630 3147 5265 7012 9430 492 6617 801 2362 944 4859 2109 3426 5560 7544 7553 1778 
28 7318 1925 8440 4896 1380 5619 4874 4432 2646 2100 1069 7007 3983 3886 297 6946 3419 3728 9746 1984 9265 7659 1728 8979 1015 4268 6173 4361 
31 5455 306 4660 5461 9139 9590 956 6538 3130 5781 8611 7312 3889 5577 1918 645 241 1246 3776 8869 7160 3564 7954 8342 2302 9082 6654 5734 8353 764 3444 
28 7678 3153 2304 3844 4391 792 466 5235 1089 8330 1320 8686 9185 8560 8990 2445 9587 4861 7826 3296 2934 8902 9253 262 7090 7261 8062 1298 
30 389 2330 1014 9956 4715 5940 9708 6361 2142 5900 1849 7645 2685 189 4551 3920 5775 1225 8367 6528 8397 1026 7913 5243 6899 7770 4600 3008 6164 6422 
26 6130 275 7984 5545 60 4227 2167 6299 5580 4377 1895 5523 594 3194 7370 3629 7682 2278 830 7943 853 3924 351 121 2902 4821 
23 8980 6664 4966 906 873 8933 6971 1872 9812 6582 9081 7431 6968 4596 3737 1335 8357 1912 4270 9947 2008 2249 7641 
25 2995 7179 1067 1250 1165 9467 4799 7597 5440 8907 1303 6908 8489 2225 9598 4610 7848 1743 6126 6455 5649 7618 7738 9164 5002 
23 9058 4397 1247 6258 8273 81 5446 4545 4831 7815 6976 2500 4943 6492 6249 2449 4563 3676 6702 3729 8749 8195 4866 
29 9053 7539 34 8003 3331 6746 3114 8718 5163 987 1218 1228 5497 7712 1667 3963 5642 1 2910 4618 2023 7971 8280 9318 8770 5471 2516 7978 7134 
26 187 3660 5467 5886 2042 1465 5360 5439 8476 8815 1144 6811 1249 4756 5755 9426 5773 1955 104 8102 4150 4367 6506 4714 1367 8629 
34 7643 3899 1675 2914 9549 5228 2435 4575 670 4726 7925 1889 1524 2408 3011 9010 922 628 1451 9712 3213 9469 4645 9487 4499 3097 6116 6420 7666 1812 7731 5844 6810 2894 
31 3190 3551 4088 2399 8327 4053 1095 7061 420 5314 5550 911 3812 8109 9616 1122 4693 1906 1941 3880 7283 3916 4675 2553 6335 6916 1288 9573 4708 8114 4901 
28 3183 42 5129 4415 8615 5705 5010 9658 9274 1423 8260 8189 9381 1221 2568 9624 3822 5061 6401 6259 8428 3374 4908 4666 6203 637 5991 8636 
25 4904 3460 6117 676 8462 7393 1555 5397 8089 1988 7560 3377 361 2564 7314 9614 9028 4427 6848 3996 9572 573 5859 3381 5284 
26 2717 3249 4503 9352 2253 1025 5683 6866 7142 8262 878 2382 4743 4128 5646 9810 8534 6967 3077 748 8635 5445 6293 3988 9358 8307 
32 7849 7418 328 2855 8481 5349 4910 1264 7259 8754 3871 2613 2320 1329 7785 228 1056 1482 7033 2714 211 2402 3976 3965 988 5140 1811 2990 6495 3962 7764 1533 
30 9822 7781 839 6231 357 8250 1854 8251 6675 7415 7407 9862 7459 1774 1416 9630 5487 7141 6589 707 6243 7451 3655 4646 1939 8305 6404 2530 9527 2338 
26 6340 5532 5377 6032 629 4096 6817 739 5597 4564 2314 7962 9729 6403 5899 7023 8767 1945 9468 2732 2491 7713 5215 8774 5007 7820 
30 6430 4967 8125 3302 2350 5258 2166 7679 9055 8442 80 9499 3320 9092 9311 5972 5662 1341 976 3550 9566 1703 9306 9450 105 6929 1385 8228 4256 7272 
32 7851 7569 8566 3696 4030 2637 5424 8263 6572 5904 7131 3507 7308 7043 7035 7515 494 6953 1931 7624 1230 5893 3509 2483 7524 2626 5344 6883 1150 2804 8898 6441 
25 3448 352 9075 3385 9806 7144 7865 7369 7680 4201 1585 5367 8886 2982 3814 8425 1190 5164 797 3578 4450 6828 8225 6598 4659 
28 6056 7337 9460 7329 5171 682 8572 3604 1610 4785 7267 7056 157 6282 1876 6396 2133 3945 672 2880 9402 2865 2177 4042 4619 5926 4998 9109 
26 8172 9868 8678 2524 1260 7773 2391 9725 266 4241 1215 7612 3477 9232 9323 2660 1803 8809 5341 1112 2065 5261 205 5736 2007 6632 
32 5371 4066 5889 9522 6234 931 3847 2918 173 7835 9090 8159 4547 9287 3446 4276 4477 815 4328 1848 812 6939 9611 2827 7945 4569 2883 8660 4695 8360 8753 7649 
26 2870 5588 7574 6857 9884 443 8957 2744 1944 9798 6847 3892 6310 1829 4226 8200 8996 8269 3029 4810 9680 3687 1119 6377 824 8670 
26 9145 4935 6890 3919 5585 3346 3040 8256 4325 4888 5509 7195 8956 6114 4602 982 8867 4406 3885 4924 3000 3358 3752 6717 9723 6279 
28 2223 5557 6265 3618 2252 8277 7406 662 2039 4647 1172 3849 4986 6228 1114 5013 6336 3372 3217 6196 9945 1318 4907 1543 3207 6184 2781 1868 
31 2584 7566 6245 5109 1197 4175 1487 760 5822 3683 400 6989 9051 6192 1452 5718 9098 6884 1584 6863 9401 7446 8785 7452 3977 4733 4008 1943 9423 1315 233 
31 5254 102 7395 9227 6402 3744 53 6167 8076 3544 8877 8106 2859 8115 580 4230 4614 7210 7975 5750 827 7818 7445 8706 7717 1937 8376 8272 4354 5779 9212 
27 6975 7439 3350 7416 7519 3412 3651 6470 5748 6567 2931 6693 1003 9002 9877 3327 8444 6558 7874 6372 1463 8923 9569 7972 5275 2850 5517 
28 9141 457 8906 7974 4795 6522 7468 6711 4857 9529 7935 8605 1314 6072 7385 5056 6962 6120 7632 3973 1569 364 1447 9032 7970 4548 6157 3116 
31 6096 3235 6992 1192 69 338 343 9599 2536 7338 3821 7955 7847 4401 527 6701 3026 3287 7999 705 4439 7085 4755 7665 4999 5946 9878 7968 2594 4364 7162 
28 4891 3076 6154 7475 2876 6910 1217 3300 1602 9737 886 7400 5852 5451 7290 9547 1383 2727 507 4752 1729 7904 2199 7520 1181 7123 7747 5486 
30 7320 7216 4808 3149 5333 5182 4192 2468 3297 8541 6606 644 6178 799 7859 1636 9066 4836 3162 2460 6949 8452 1251 5339 8888 4783 3946 4890 5204 5211 
31 9191 2847 8166 5128 1499 4834 6481 4627 365 2674 2281 525 5514 1168 9247 1919 1188 8942 4378 6223 538 7510 19 1159 8467 7895 4531 3779 8582 6235 2661 
27 6781 4060 4238 5881 1776 8681 8609 2531 2313 2892 6515 8369 3834 249 3028 1838 3853 4261 4301 6070 1110 876 1546 7523 2709 4437 3059 
30 3636 3179 9791 7552 3932 653 1750 2738 5887 980 9270 4929 7522 5768 1948 1494 48 7013 9734 7932 5399 2259 5087 6108 735 8955 7280 8776 3769 4131 
29 3353 2849 4052 3519 7890 7867 4639 8673 2194 1242 3925 3407 7237 5027 8031 9209 7889 1632 2521 8230 2127 6662 8243 4459 2308 7843 7697 6647 2611 
32 5482 2191 9913 1339 7969 3396 879 3703 456 7541 8812 1219 7743 3262 3298 8352 4371 9707 4676 2740 324 3248 5078 5788 142 6548 2905 5996 2537 8011 4962 7688 
32 3187 5241 2933 3763 9273 1220 5 4231 9183 383 111 1226 2935 9466 2682 5994 6624 6851 4970 8519 8702 326 1850 6608 7567 1874 7164 9987 8070 371 5042 2518 
27 4611 4065 7529 2715 4957 5860 4703 190 204 6171 1182 1935 8722 7557 6226 8764 1169 8171 244 2641 6852 6 8567 7106 2544 8240 9354 
25 820 4115 5206 9039 2430 4983 2782 7513 4145 9919 3127 2893 3458 7365 5816 9693 8664 6467 3995 1878 6222 9863 6012 5178 1766 
28 9581 2803 3772 3679 6936 273 7232 7715 4282 9437 5277 5045 3631 2705 5080 1046 4819 4404 2208 9000 6913 2074 5408 7508 4872 788 4965 3810 
29 8598 7576 5476 9515 8701 5348 3151 4044 3989 9332 3131 8775 4448 7238 8688 6384 3231 2022 6458 2471 4462 7073 8648 5402 31 4197 8744 8194 722 
32 719 9392 3628 8017 7481 6283 5416 1236 2232 5425 21 6318 872 5770 6941 3003 3461 2387 8226 9981 4604 4554 2347 5792 8852 3998 1975 5787 1184 1559 6656 7775 
27 7138 1130 8952 1100 2186 4144 4309 380 8289 6707 4667 2577 9160 6399 1142 5758 3662 9471 772 6896 9102 2655 6774 9025 3120 6830 9941 
29 3016 3827 9850 9732 2578 3757 2218 147 5784 9994 5382 6648 3095 7298 6156 7558 7733 2663 9316 6604 7535 7293 6855 1500 7376 4608 4735 6240 7559 
25 6507 7883 7648 979 6341 9235 4083 5322 3078 2946 345 1406 3401 8095 9419 6739 2473 1733 4285 3980 6239 6619 2907 7655 2149 
29 5832 7704 554 1021 4909 9816 6016 2154 5218 7317 5496 1233 5420 2416 1483 1498 3801 6837 8336 5572 1561 1478 6771 2434 651 2345 1270 5953 7021 
30 8141 681 8653 3914 3172 6973 3391 2677 8006 8897 499 9949 7450 6183 3795 6176 831 758 3319 4143 8817 6880 8474 3081 2264 7166 6311 5667 4707 7471 
31 9106 1808 7183 9592 9899 7621 9362 2064 6472 8325 3743 9703 8536 8384 7586 4488 2757 6905 2271 8608 4899 4216 5172 9661 3848 7332 5937 6028 3024 7908 5193 
27 2038 3592 8026 9735 238 800 7045 83 8455 109 1847 210 8780 2475 7499 5493 5495 9125 9938 5735 1570 9953 6327 8165 6881 6564 6065 
31 6570 3496 528 1398 7436 2242 1258 8154 8974 1256 1548 9855 8512 9367 604 8972 4059 6494 6195 6525 2438 9146 4000 8556 2721 5459 7478 7772 6969 2134 5723 
27 327 9351 5336 5209 8624 2394 6112 252 2722 6188 521 8659 4992 680 3941 8135 1073 1400 657 2002 4729 8838 4287 9774 5489 6149 6246 
29 701 2265 1205 3462 7116 6580 9184 7693 4263 4736 7610 4544 9497 781 8149 713 9122 3740 3432 8429 3475 5623 9605 8576 5819 6503 7631 2952 470 
28 1826 1492 5528 1139 9621 8714 9489 2450 6547 3158 2799 6893 5766 3246 9299 8295 8133 6487 8300 6193 7819 9972 754 856 6305 5551 7907 4977 
31 7674 9692 7448 1751 3099 4710 2101 7054 5302 2403 1307 3813 9976 5036 7068 7949 9824 1726 6350 5958 4043 8186 1058 6122 9715 1633 8343 3196 8416 2814 8816 
32 5835 9038 4996 1442 6464 3335 6793 1810 4457 8238 7190 6672 5998 1126 6716 8475 5409 1272 6376 1346 536 6083 4886 5743 146 6465 455 9112 2828 5698 5410 6051 
33 586 27 9117 5031 3907 7176 971 9571 3780 4931 6364 4728 8967 6882 7001 5202 8610 3641 8414 2321 6734 7640 2628 8079 2117 7501 1311 4061 7705 6358 5161 4556 1596 
31 3440 862 1893 9951 8083 3702 8046 9494 6979 2318 9153 4520 7282 2520 9 6048 5825 268 2192 2750 1722 1987 2764 3309 4485 8690 3014 2357 3404 7555 9895 
29 1408 5156 2614 2358 3272 6300 3887 1692 1861 7345 1618 3685 4617 1063 4737 8461 7570 8303 6984 5165 2240 9036 732 749 4224 3589 7921 7996 7417 
27 7782 7277 687 8885 3295 9428 4302 4734 7993 4864 7503 2857 1044 3807 2171 7167 3343 8837 6853 7366 3624 1731 8247 5633 2143 7608 8618 
31 4182 5740 9019 7295 6211 402 1440 4478 4025 3648 5366 8894 8413 1262 1905 938 7622 8217 8119 8291 1084 4528 3165 9364 9221 2214 7677 5609 8151 9802 1637 
25 8044 2000 460 4152 610 6212 9495 3678 4204 1880 4179 3828 6175 8288 8116 6443 2172 139 2476 5088 9903 517 5849 6269 9192 
29 3155 6229 4773 4480 4200 1282 4950 7356 5935 6690 7188 4599 1721 2220 3786 9050 2425 1720 923 72 6529 2222 9472 441 181 8895 7850 2267 6596 
29 8078 4122 2228 4123 2838 6874 5168 8912 6715 5793 9502 2923 5830 4423 6414 3961 7630 8333 5272 8459 8064 1381 1658 6911 2328 6201 7923 5928 5240 
27 8858 8835 40 2396 215 7668 7349 720 1676 3379 7122 310 7288 639 7909 4164 9465 6900 8600 4283 7360 9170 9778 1486 3289 7319 7887 
28 8544 9166 8625 7020 5117 167 3745 3912 7024 3774 2522 8623 5309 2080 7702 96 2411 5980 8822 6031 6391 11 4336 1800 253 769 2059 6625 
30 3873 8386 874 1049 9907 2375 6389 2027 261 3166 2513 1444 9179 6508 9207 2939 9355 8982 285 179 8457 727 6642 6101 5776 6324 378 9383 6955 7540 
30 9601 1030 4568 7014 3746 2036 1131 5916 1802 6412 1493 1371 1650 6829 2534 6502 5622 3869 6759 1286 9644 945 3874 6917 349 7052 859 860 5970 1665 
32 3216 8565 7986 9980 232 8239 1917 5074 5023 1516 9087 1867 9057 2977 7258 8341 4080 7514 5357 7832 1006 2180 206 7197 8742 37 4297 3522 4257 5481 9782 6835 
27 3491 698 7695 7253 1390 9831 7375 939 8001 6277 7802 6954 3705 6772 8051 8139 6045 9512 9541 8359 3469 6139 7683 9563 6094 5257 75 
28 1579 523 9747 5115 9811 7485 216 9892 5274 2961 4306 4833 1908 5137 7532 4120 3897 1156 307 3428 2831 4075 5538 4196 8893 8792 265 8311 
31 4523 5535 8207 1818 5534 2535 4250 5797 6446 2289 5028 642 8231 1642 4918 7044 8529 1351 5186 1252 1157 118 6723 963 3713 2261 5256 1891 5915 9873 2451 
29 4119 2586 8927 3698 5696 3122 4298 6747 5838 5059 3490 2124 9303 339 6006 5695 3370 2695 8034 4572 7547 401 7892 5286 2046 415 4683 7422 5738 
28 9180 4447 5149 7394 6756 3267 6427 7960 1882 5757 7401 3863 8437 4985 9279 1461 2527 4656 3790 46 3223 9259 9789 9342 581 4947 2371 5707 
25 3831 9371 6482 9416 4355 5170 1759 5843 5501 6238 7701 1706 131 7546 2407 1624 725 4209 8985 6782 9633 7371 2493 4635 647 
32 3766 6683 8586 2506 2401 3001 7379 8398 2009 8047 2610 8435 6060 5379 3301 2219 3043 7189 7079 5977 8 3793 5753 6316 809 634 7746 9710 4580 4518 9152 9958 
28 1813 7030 5966 7279 7158 1243 6562 4017 833 9780 2066 4749 1094 4072 1567 8999 9647 4911 1201 8612 7198 3750 3688 652 2737 1503 2155 582 
24 3709 6879 417 9385 1422 8471 1996 2680 3785 3228 9116 1321 4074 3692 1828 8196 7964 1356 3861 7754 1815 3959 8105 282 
27 1999 9168 3856 6754 605 62 8834 794 8848 3777 1683 3277 292 7005 7265 6134 5531 1710 4842 4016 2455 4409 7019 1227 6068 1727 2406 
26 3922 5503 5965 7151 1276 6049 1898 9314 9254 9921 9983 2686 4813 9935 2888 2432 9103 4837 4778 6468 1699 823 7505 20 6271 2494 
28 577 7397 7230 8439 158 3669 3858 1730 1096 203 1825 1742 143 213 2226 6940 8587 3371 438 7504 7444 5709 6478 3717 638 4590 3540 4625 
28 8786 4765 8431 7384 6284 35 3348 1310 2955 4019 4835 2724 3759 5122 3344 8614 9567 7208 8473 4920 7389 8622 5391 453 2959 9444 6017 3595 
25 6042 7653 9243 5475 7694 1152 6766 4252 851 7111 1259 3608 1085 6471 9421 9119 9427 1789 1565 347 9486 8542 2523 836 5987 
25 8424 1573 5941 8400 3866 294 5682 8831 3480 7202 5142 1680 9072 924 5015 3152 2312 2447 7425 4731 8209 1129 737 6159 9918 
33 3875 3171 3598 3612 6444 9027 2359 3090 3341 3144 7209 1000 223 8446 9844 32 5947 7018 8129 1973 2270 4786 4668 6165 1979 9167 7342 486 1881 8374 8539 9296 1099 
26 526 2417 6635 6177 6966 6826 4642 3195 5253 4264 8573 3134 4713 5732 5746 9659 8156 3964 7920 5141 4848 9637 5813 5054 7722 4964 
24 9413 3511 736 5868 7572 5850 141 8723 413 3286 7554 7620 3894 5842 1886 8804 3600 366 5824 6593 3351 3406 9615 9847 
25 5014 8543 896 9612 2747 8281 4597 3513 7629 313 384 9372 55 6892 914 2283 8370 2174 1357 6501 4505 4490 6371 7947 8696 
30 1717 3169 6092 3953 6520 397 8679 5312 6296 8008 567 428 1507 6629 6861 2945 1780 9867 508 8525 154 4245 7600 4959 1305 5747 7801 1638 4685 2791 
28 8220 3929 5973 4006 9408 375 73 3079 8646 5911 6069 4782 8989 4511 5135 9673 2379 4056 9521 3230 4971 9691 1869 4593 44 731 2999 4881 
29 9049 3720 9727 5492 7219 9130 3164 4694 7931 2629 5124 6025 2235 5220 7853 1927 9295 8491 8800 6043 9234 9275 6903 3135 3369 8559 9586 1473 202 
28 3387 6720 915 1148 2384 9772 4673 2794 9324 5407 9420 9110 4127 8335 9769 5067 8283 6768 6958 6023 1090 7599 1922 3626 9201 547 6513 5255 
26 9159 9498 2557 1036 2169 2236 2429 541 4185 5012 1622 7032 5428 918 6706 3073 7437 3329 7582 6071 2669 3224 3237 3173 1177 3227 
29 4078 9925 9202 6093 4870 8438 7367 1123 3347 7896 7278 5146 6795 4792 4153 741 4906 4132 9792 3180 4750 4780 3445 8735 2588 1454 5586 3279 7534 
28 175 654 5195 1756 4104 3997 996 7748 8004 5530 545 4456 4382 8807 5270 2206 8028 8420 7684 7479 6297 7434 3947 2796 9934 4237 7593 447 
35 6423 3590 8592 5675 7516 4926 589 4975 2950 8349 6162 5293 9317 2547 3606 6581 6993 2973 1358 2006 2697 100 1901 3617 3538 5558 2294 9291 8197 2572 3168 3161 3957 9330 9768 
27 8995 4768 811 9984 9636 6421 8594 964 9848 1767 8013 6252 3819 5962 57 9560 985 2988 9807 9386 6536 3023 9978 8219 5729 2809 6804 
27 207 3123 2916 2746 3731 6519 1012 1485 8150 8153 6585 1934 3251 2730 7233 7831 7171 6170 1224 5841 7333 5754 1019 7602 6308 1295 7885 
26 9014 6931 4169 1909 9268 8266 8365 2983 8627 7374 5533 4601 406 4633 6462 8498 955 7808 4706 3714 1696 8531 4176 2383 5536 9161 
30 2851 7584 1595 4327 3764 6292 132 2644 1735 1120 2055 2178 7989 133 5093 3657 7795 5884 4010 7783 9926 8485 4631 6660 2501 8953 6442 1345 3006 1289 
25 78 5608 5197 6959 2858 3620 7180 9856 4452 1326 3330 7525 4612 4218 4365 1173 3890 8643 4269 1953 6858 8845 7817 1653 7207 
28 9888 6497 3119 9743 276 7449 2353 6255 2519 2673 3587 4174 8215 5803 2903 533 5095 5978 1376 1625 7372 2579 5380 4138 12 9916 3472 6202 
34 9435 1641 9361 1976 2479 1715 9258 5693 8285 3528 4048 1121 8602 1045 7941 3778 6945 7725 7700 5187 6649 3852 7710 864 9578 3691 8388 7799 3219 2667 9613 9463 2915 6133 
24 2209 9538 1805 2599 1575 7866 4672 4938 7330 3191 5347 4410 2060 6841 4033 3820 5631 9026 9496 4426 3045 3197 7926 7194 
29 1574 1196 5247 8829 3845 1133 6395 3192 1897 9883 7876 6586 8552 3284 729 6846 2130 2327 762 4534 3569 8380 5221 2844 5650 3328 4353 126 2436 
28 8946 7222 6168 7528 4903 7526 6312 2183 6287 8734 2017 4160 9024 9409 2070 4498 463 4464 2081 6194 4324 2529 5305 948 172 6266 1551 9558 
32 934 4805 1060 665 2145 1597 2049 4307 1725 1370 871 391 6590 933 2076 4376 2657 9390 5737 8773 7292 9528 8571 3900 1617 6636 5571 2567 4561 5375 8964 6575 
29 7426 4662 8415 9286 9963 2295 704 3205 5053 7462 452 8857 2606 2833 4288 5356 3895 5614 9509 6964 9142 890 4620 5234 5660 2819 7100 3422 7010 
26 9189 5595 3950 3762 2339 2058 6105 5759 3715 893 4281 2412 9187 6544 4776 2692 303 1450 913 5684 1529 5599 8823 6577 4058 2630 
32 1141 2198 7186 534 1186 3987 6620 2013 2920 0 3770 1083 9973 8878 4402 6026 7172 2419 5957 8199 774 6381 7565 3725 6342 6887 1682 2498 587 5948 9188 1651 
29 4466 1348 9755 3150 3557 949 319 4117 2960 9260 8147 3055 9490 4578 8597 1571 4946 2702 329 1324 1155 7224 1841 1393 396 7029 1369 2936 7326 
32 1048 5245 2469 9520 163 703 7988 9133 576 6233 7484 3431 4914 3199 8436 270 1391 8847 6326 7578 9875 8656 2277 3206 5011 4265 8788 2866 2834 3345 6650 4915 
33 2805 5837 3181 3575 2048 5313 2439 2310 5401 3388 6708 8943 4720 71 9068 1294 9290 3102 912 7003 1426 3342 7786 4709 9684 7169 1900 2559 8554 1333 7789 8619 977 
32 3423 9887 7793 5462 6374 3536 4018 5901 134 9310 3865 4040 7536 3392 9952 9628 6298 1553 3063 4332 3799 2200 2246 9005 3052 668 9061 2336 8084 1361 556 224 
30 6950 1817 3333 8872 7957 5126 6727 74 8123 7409 715 8144 8855 1418 3220 6696 775 6512 355 8086 7170 7137 8065 9819 3547 575 9829 6264 2254 6627 
28 5919 90 1425 6294 8464 4933 5307 320 7880 6764 9203 6138 584 387 2790 8334 8140 2034 1645 9641 6270 410 614 4222 6447 9968 3913 5320 
28 1572 5130 7042 6748 3992 6876 1203 7768 4745 3882 51 7863 5289 1870 8378 95 9617 5484 5810 7563 3115 3221 1086 7644 7604 8981 4384 5513 
29 6392 4501 5939 7031 9756 9559 5945 6658 4550 5975 7062 5413 648 5701 5874 8761 9570 9169 5385 7495 5902 8716 6273 5527 9687 1607 1313 503 85 
29 4960 9988 3991 6871 9454 740 1151 9044 8040 8511 2986 4266 6763 3893 6253 1892 1382 7200 3109 481 9749 1334 8354 1514 932 6141 2170 9018 2107 
28 8097 9282 1807 1809 8237 4730 5637 177 6824 2286 7672 334 1796 777 376 4471 2125 2708 6078 1033 3539 9269 137 7967 692 5950 8945 1212 
29 1769 9111 3665 5952 5898 2640 462 706 9803 3326 2679 7671 8309 4684 8350 3010 9411 9823 2087 3690 7956 3739 2421 828 4039 787 6783 4940 2681 
31 152 5383 5721 7581 3291 3332 7598 4758 8904 5856 1419 2643 2121 9694 4637 8759 3567 716 7225 1394 4203 1208 3990 8962 7730 6972 7951 6821 6498 6061 7886 
25 660 8315 8080 4458 5826 8418 9272 3520 200 2457 2373 67 3034 388 7881 3378 7646 3935 9210 1372 9523 8994 2571 4827 2634 
33 6808 7297 4390 2365 3659 5612 7177 4628 8970 8022 1603 2176 8652 4732 9280 178 3108 5026 8319 6050 9730 7398 8361 9373 5814 4403 5300 7354 9517 3734 8986 4923 6806 
32 4071 766 2012 7699 8693 7086 1998 6652 8728 7000 1933 5118 9233 4317 9252 4492 7813 2754 3252 4073 7562 7252 6541 7714 7711 2505 451 2075 2215 9995 1864 4329 
26 6424 602 7235 8850 3867 9754 555 6215 110 9908 1754 403 8332 7692 8401 5880 9156 6691 5264 4449 2405 4877 2904 4586 655 7187 
31 5057 612 1040 3903 9150 15 5433 5512 9220 1971 2725 2020 2465 5993 1662 4213 8242 4525 6724 3056 8016 5335 9114 3133 2856 4993 9020 4984 3308 5432 6663 
34 1587 6668 846 9470 2263 6563 7952 3722 2710 679 8920 8517 4562 1007 532 8861 6182 3054 5943 5394 2806 9480 829 3792 7736 2162 826 4108 4411 2385 2268 8290 7424 2497 
27 5046 3533 256 4777 4393 106 3905 8477 1564 9704 5306 5727 5643 6315 8997 4987 1940 5762 8127 6289 8533 5711 1263 937 6189 9544 973 
29 8849 4141 8523 2954 7060 5724 7430 9665 7944 1932 107 2161 9548 997 3368 3096 1488 3960 6232 6285 6700 3561 2160 8520 2203 8987 4592 1697 1154 
26 13 5777 5917 9052 82 4636 6566 9745 3430 1688 2050 2897 9370 6457 6670 9276 2690 2997 4159 8030 9503 9069 9805 3601 2895 5392 
28 6197 5944 2442 1024 6000 813 9395 8680 1039 2924 1589 1102 7491 5546 8276 5464 2164 9429 8705 7716 1355 5892 4968 7306 3510 3015 6573 2925 
34 4764 3534 3306 4400 5251 5522 489 1222 6919 9853 9818 7387 686 8661 7150 5800 2540 7898 3193 2899 4372 3566 8570 433 1274 2875 7139 442 9099 8060 3645 9607 7049 7527 
31 7937 4236 4481 3324 2305 9382 2555 4005 4076 4273 1541 6436 5490 8808 3058 6927 3435 8666 838 2671 5731 4310 3325 7762 260 5449 3424 5936 1615 8412 6413 
28 9714 8551 6610 1140 2526 6844 8569 5862 7670 822 8821 5817 2970 3599 6204 5154 7823 7350 5111 3864 6209 983 8695 9023 166 5635 1627 2423 
27 4974 7611 1745 1239 7488 1804 1344 8322 1290 5818 3174 7025 9923 2151 9140 1502 992 3017 7274 8163 898 1686 2885 1967 7997 537 1648 
28 9321 962 8545 994 9366 6155 5244 6618 4566 8840 9720 1402 7740 557 7199 6453 1654 2453 9105 458 1232 5316 1108 3112 1594 6798 9645 9784 
28 570 7995 7458 8699 4629 6485 3091 6286 9059 4004 8025 332 199 9249 237 58 4258 5651 9294 6549 7686 1481 699 8708 439 7004 3048 9307 
27 5465 4474 9930 837 2106 5177 6473 4898 6574 7076 5000 1489 3321 337 6698 8667 7879 763 2932 8101 9176 6086 2398 6356 3663 7718 7492 
30 7633 3265 3656 16 1890 7992 3275 6036 8553 1609 1694 4047 76 9135 9800 1409 635 2364 5003 9928 1757 1844 3933 1586 4510 3930 8880 3072 8768 5208 
32 7662 1965 6980 8073 2037 3898 5610 5323 4487 3340 1643 2913 5441 7509 7099 4148 3650 6807 2047 8198 4441 8098 8069 9086 9905 1626 4291 677 24 9866 212 7911 
29 8099 558 4338 8778 5713 8500 8641 4413 6800 1799 5611 2944 539 700 3971 2299 3473 3621 1970 7685 6834 7827 8739 2926 8117 3796 6524 3901 3876 
27 9488 746 4246 1113 8120 5598 3411 1441 1784 3427 1477 6856 7771 6145 6174 153 2753 514 5989 1338 8331 8692 6349 7182 2025 8068 2444 
27 4753 7609 8851 1275 4622 1604 5396 7660 3086 3791 5699 2276 2645 66 9405 8259 2974 2816 9649 217 9508 4366 8712 6667 1916 5897 9255 
34 7914 94 9213 1842 9506 9123 6995 1612 9356 6738 6236 1883 9690 972 6191 8769 7104 5132 6426 1068 418 803 8082 1656 3549 8703 579 3521 4979 485 7094 2881 7654 531 
28 8346 6640 2693 3126 2701 9391 3741 3185 1797 2040 7429 8278 1621 8578 5174 4162 6417 9920 9226 7113 5019 1527 4416 2211 1464 2670 7178 3517 
33 7148 286 8177 7421 8841 1600 5144 5525 4553 250 3203 4079 9842 9012 1920 6601 2632 1819 9197 9047 8758 478 9144 1510 6805 9305 1031 6631 4020 3652 2968 5851 2217 
30 3363 1942 2297 1531 61 3811 5896 2774 2179 5434 3487 6918 3434 5811 9739 4098 4855 4373 4146 6104 248 6505 5362 4220 4173 2751 6704 852 3285 5644 
31 4322 9443 8657 8710 6416 5116 4718 2642 7296 4444 5474 4062 5192 7059 5198 6741 7615 5199 2307 5043 4879 488 5888 6517 3478 1209 5548 8585 4345 4712 1793 
28 7427 1386 7918 5895 2352 6622 1160 4630 3481 6357 5096 7404 9365 6375 1713 4740 4305 279 8048 9132 7301 7128 5615 7413 103 7934 6480 4188 
31 4804 3704 7096 5324 8875 6382 2966 208 5022 3625 9425 9870 290 4657 6813 6018 8963 2560 1598 5205 7963 4198 757 6241 3257 5624 8363 891 7852 4502 819 
27 4852 6982 726 2005 7744 4655 3836 970 3556 6163 4638 5064 9655 600 1392 3400 8480 4035 6736 97 8806 9206 7461 8192 4961 5276 9724 
31 138 3972 3339 3781 4455 3380 2024 8050 1174 5502 4095 38 2808 5442 1280 8279 4177 6530 2216 8113 3597 5932 808 3459 1762 4552 5845 7841 4111 277 9204 
25 9543 2182 598 4716 7870 3182 9619 3724 9376 5951 7377 5106 2019 2546 7626 1265 6957 2196 3572 1375 7788 5960 4526 9882 3642 
28 1577 8492 6778 6275 5783 5857 9461 7703 1011 9029 6728 7321 9359 3389 4129 386 3125 5340 1101 1475 5155 7486 9713 6153 9398 8037 4875 3708 
29 8057 9215 7487 2482 1554 6073 7637 2608 4387 8036 902 5769 2083 2230 6225 1214 9278 989 8550 1887 3261 6314 562 9493 942 5173 2275 1801 6952 
26 1109 3877 8781 6790 1210 4314 1521 7872 8458 5601 9089 778 2878 198 3753 8960 5295 9706 9897 9532 765 9449 9623 2115 5196 1875 
33 2378 9740 8568 1734 6970 1520 1178 6731 7464 9936 8828 3167 991 9677 239 8639 7112 2032 6166 633 3068 8271 5431 5288 7051 6641 29 5589 6769 4360 9900 145 3334 
30 2672 1512 6671 5136 5938 7191 4587 7607 7489 1306 4363 3280 8862 3817 331 986 2761 2759 1054 7888 6725 3466 165 1534 8449 1061 8782 2807 3504 7264 
27 5500 6791 3051 7244 2343 3537 9540 8463 87 3110 9809 8248 5840 1029 1457 6565 3013 6039 3282 1432 708 661 7192 2441 6332 4339 2528 
24 8709 436 3471 9251 8204 4323 6274 5861 9056 9839 2474 8752 5426 7221 247 6788 4208 4242 8308 1316 7156 9113 9731 4585 
27 5062 23 9336 5537 422 220 7675 2919 7304 9526 4873 322 9261 9931 6362 2245 1652 9237 3809 1388 2443 4790 2964 5985 497 8574 7899 
25 4077 8546 4091 9459 3259 5318 6221 3984 437 4559 7816 5828 6187 5230 2872 6106 440 631 1332 315 7734 2311 2306 2985 711 
27 7324 4757 3050 3716 3443 164 8911 5802 3313 5329 6206 1467 9959 7102 9507 4232 5040 2173 9676 761 4333 5995 6583 3842 5559 7965 3808 
26 4398 7828 2351 3560 4573 5478 5875 6615 2624 2835 6354 2842 2413 6742 7779 325 8563 3140 7145 6579 9348 1930 4517 8077 4643 7774 
27 666 9447 3878 2418 9224 2051 8966 6304 8506 8588 9093 8131 4443 8939 6024 522 669 5242 8041 591 2361 6825 9948 3450 4271 8218 7533 
30 3815 2795 8356 9073 8063 4009 1969 1412 1904 425 9885 6860 6185 1708 7983 92 664 9483 2111 1581 7357 8496 3189 3591 5184 4664 5805 1655 3633 6576 
29 6603 336 7351 432 3283 1198 4395 4454 2558 3797 8931 259 2683 9344 9666 3067 6180 1781 6965 3414 9711 5715 3841 6431 9579 4422 966 4063 2388 
27 4760 1831 5049 4318 3367 791 6295 5403 7811 8755 3585 1353 8175 9999 5038 2602 3788 3497 8521 4912 2545 5665 8736 3311 8918 8470 6172 
28 445 1753 128 4311 6379 5863 7592 3784 6256 6456 8801 3241 2967 9588 4106 1741 5799 7098 5494 1362 543 2284 4468 9277 892 6008 6038 6301 
24 3236 9194 7251 8833 6703 1238 2541 530 4500 59 6814 7072 1552 1047 650 3142 8181 3270 9722 8632 6534 2514 5774 511 
27 4473 2086 5967 477 6657 2096 5510 5055 9771 9654 954 2348 7124 7159 226 4357 6199 1476 1605 2190 9977 8779 1947 2779 3355 8771 362 
27 5798 9155 2554 9933 1772 5082 7800 743 5035 2651 301 6510 4199 7893 6611 2975 176 9357 9013 50 8188 5629 2848 1991 2582 4539 694 
30 6669 68 1964 2633 7980 2868 4134 3215 5879 9375 6862 3020 6115 3317 4598 8796 7184 9387 3596 5655 4853 7241 1775 5872 1978 616 6029 3305 9697 7917 
28 2993 6425 4214 1325 5448 1787 9485 674 409 3742 6651 3314 3798 6665 1879 4779 3896 1840 7218 3615 3761 7391 5319 2824 3909 3138 3038 8909 
30 6845 377 6319 182 2777 5112 7579 8751 1985 1588 9825 941 2207 5687 5304 430 2428 3137 6594 335 4202 1649 4863 5203 7658 7998 8810 2189 1350 9556 
29 1472 9662 3361 479 9384 2085 8766 5079 9107 7046 4519 5405 4092 225 231 6380 5037 7129 2344 7959 7749 3053 1277 1378 5725 2703 6074 2456 6730 
30 3256 4543 8434 5511 7742 5680 2279 1004 4394 3420 4640 6523 5070 8222 9736 318 4496 613 1732 4653 7940 2210 2612 2360 5677 7411 7542 5507 1946 9604 
28 3145 8183 7402 4717 3954 7769 8727 8649 9733 2654 3336 5963 6367 6719 7363 2256 903 5098 1684 246 8212 723 9063 6659 1981 6052 3468 8180 
25 993 1424 487 4442 3851 7915 5639 1081 7091 8347 9750 5691 7346 5214 9893 5554 9088 7193 114 2953 9679 2487 7270 3529 7690 
27 9340 4671 5613 8143 9120 4248 9955 2337 3212 5508 7352 258 2354 5006 7307 2951 6009 6400 9597 5722 8408 8302 940 9422 4832 9431 4678 
28 2452 2785 7309 130 6869 8421 5796 5596 5739 8211 7709 1395 4428 7242 585 8168 6726 5541 3594 2639 4806 6158 2619 464 4973 1446 6755 2668 
26 671 9440 89 3410 2768 7239 8577 2415 8689 4243 9222 512 2315 3552 5123 8379 28 7266 7204 8287 9620 4936 9045 8270 341 496 
32 4661 2636 8406 5555 1860 9804 3524 2815 919 1300 8968 8235 8638 3835 4383 4215 6398 1783 1673 5422 6839 4513 7780 5321 5607 7902 4038 9582 3226 5930 8694 4087 
26 4616 3937 8297 6474 4976 308 6218 1871 7135 1166 7877 2004 382 4109 3571 5393 7083 4330 5626 317 195 7125 2706 9438 1235 8314 
28 7822 9584 3260 3064 2239 3049 8494 8292 6559 565 8214 4028 8604 3094 1853 9830 905 4991 8856 5143 1455 9631 6076 1474 2712 6633 6680 1508 
29 395 8366 6623 9076 768 9585 8488 7916 6084 8617 6454 5869 3942 751 6365 4843 583 3222 8419 6140 2787 3087 4484 8647 1790 2618 1820 1079 5470 
33 8407 6062 8977 7976 9874 7087 745 4953 2061 6344 4822 6997 4002 5600 6337 9552 5373 7196 6466 524 9239 5283 5363 5873 2282 8203 7518 5032 5372 2620 8216 1921 6207 
29 9872 6001 6200 5934 2756 8820 221 7891 9531 7784 4124 84 609 6996 9453 6607 7248 4453 9171 4029 459 197 1957 8241 1798 8484 8891 5717 6405 
30 6190 4057 26 6150 1631 590 8111 7878 6328 734 4856 360 3273 5411 1530 2193 14 3204 2839 8537 3337 867 1072 8922 8836 9065 7154 9542 3074 2296 
24 2823 2713 8339 8049 5436 7777 3018 5429 4882 6386 3269 1413 1613 3754 9162 4846 2958 7017 7287 4927 2627 2911 5365 7456 
27 5552 8961 4166 8969 6250 9669 3186 4969 2470 2001 363 392 3603 3453 6721 3609 6146 7585 4826 9901 2366 5190 88 344 6169 6435 3386 
29 6638 3701 3682 5855 1923 6007 3281 5760 8874 3229 8859 2092 7860 1885 4351 8223 86 4838 2181 9922 9432 1384 9610 8929 9557 9148 9991 5561 3232 
29 8595 5955 6928 8282 2141 9097 5912 9406 9990 4889 1668 8191 5162 125 2424 5540 4240 4493 6789 5891 4022 2575 2597 4255 6832 5285 1738 1690 5988 
28 2652 1938 1746 8513 9079 3442 1961 8798 7755 468 3508 6085 2743 3674 5076 2341 6628 8313 2598 3789 1041 7465 5765 9686 3727 4532 287 6865 
29 3233 3025 3765 5794 9836 5066 4278 6099 3558 1149 8528 9126 9500 7355 510 3771 9008 7924 3884 6695 272 9062 6909 2104 730 5543 2349 3634 7652 
34 3902 9284 9957 1468 5908 288 6794 4858 4356 8783 7455 9970 7466 2120 8185 6484 7493 6743 9292 3409 4800 2229 8107 1591 6346 4558 5217 8323 3649 8658 5780 2291 4014 9700 
28 601 6347 498 6983 1644 6868 2840 5138 6369 9172 3802 3362 7082 7873 5259 8901 3512 3408 4742 8403 935 7250 1989 1443 5091 6011 5685 3570 
29 9742 8447 9646 5207 9790 8924 8454 5457 5570 4031 4941 6552 6878 8066 3441 2251 4113 1088 9553 6527 9783 342 1949 712 8772 251 9030 8317 4771 
26 9211 9136 4099 4126 6500 6128 2797 9084 8593 5592 3563 5108 9256 8148 1606 5640 4686 921 9374 7074 2250 2962 196 3041 6823 845 
30 8090 1125 810 429 2736 5829 9096 1138 6244 9675 4652 9173 2502 6684 2615 7844 6451 5479 3088 6307 6894 3843 767 4210 7440 1509 882 1739 1993 592 
30 1466 8669 2335 5815 1462 1677 9394 2728 2274 4289 3105 3670 1319 4295 5427 1719 8373 3602 7064 3999 7627 9298 5544 7657 8763 6709 9476 5231 7470 6898 
32 8724 2496 9441 7871 350 4386 7286 4093 630 7927 4388 5222 1647 8892 3635 8925 2845 5378 6924 7231 9266 4670 4007 7034 1202 2374 3447 2884 889 4895 578 1397 
27 5354 1768 7894 4697 606 9943 3711 1020 9917 7213 9434 1458 981 3418 3376 5389 6127 5469 6047 6290 1583 2533 7107 8501 6626 5836 9510 
30 6891 9031 4766 5653 9042 4151 6348 8293 8756 7201 6057 943 8794 1163 7838 8938 6129 7344 5716 2300 2290 8054 7211 7092 1646 7933 5657 5386 7938 5065 
31 5262 928 7109 2201 899 8737 8377 3304 472 5297 4869 5395 709 2404 2704 7681 8720 9473 9230 5745 3307 1331 7619 4741 3938 509 4698 2400 2829 4963 7364 
25 9858 2202 4803 9175 7575 4567 8375 8790 9622 2853 4341 4293 2495 7157 1308 9325 2309 535 2543 9369 695 6499 41 1106 4037 
30 7735 4949 5097 5846 8919 8613 721 1257 9329 7561 9457 6160 2509 7824 359 3464 9716 6786 9525 1582 6219 1234 7140 2437 6077 8146 2041 1678 6587 5273 
24 3611 9104 4217 1608 8108 2609 5587 5568 2891 683 9060 7556 1616 6877 4475 3089 7530 1669 7551 6713 9698 9071 4871 5453 
26 9890 9328 4944 9967 8726 2410 4055 8603 9363 1709 5661 5905 8255 1145 1866 6802 9671 4023 6685 8930 155 1328 3559 9074 6490 8941 
27 1764 9417 7011 9128 9397 908 5201 4193 620 995 560 7958 4379 1128 7948 9595 618 500 8795 8021 1501 7905 5686 3239 7930 6320 8932 
26 8267 1330 7864 1124 6005 2775 9238 6359 9554 9231 8677 2184 4343 245 1050 2886 348 9199 5656 2621 6679 8174 8110 2467 8385 5885 
27 5370 8903 3694 8193 2992 2409 5105 2175 5183 1207 7753 8844 3686 9996 7778 7353 444 8304 8674 6934 8275 3163 6339 9962 3979 7903 1911 
30 7901 8453 9688 6595 9797 7724 1558 2138 3479 9393 5133 7473 9728 5352 6429 7663 8864 6418 8713 1057 255 2026 8208 9656 9225 2927 3710 7214 2556 3818 
29 7256 4049 7015 1037 5127 6410 3238 4495 5435 888 4272 8067 2699 9216 2900 7809 1171 6539 180 2112 6373 3593 3498 7583 9001 9828 3958 8683 1185 
28 4801 688 1312 9236 7482 7149 9753 1028 6037 5175 7009 1661 5652 9596 8023 8827 9511 4711 9048 8719 3699 374 4884 2094 9080 3840 7066 8887 
30 7760 8644 8654 502 3518 2144 6125 1994 1322 2021 6015 1074 7108 6612 5450 2837 5730 7912 2333 4187 6035 5979 4308 8160 2197 6251 5593 3719 5789 9163 
27 2711 8383 8870 7752 627 8651 7441 1354 6697 8976 3584 3393 475 4207 8757 646 4763 5338 3658 1506 2392 8179 3614 5870 7839 3188 6614 
28 8561 1187 8394 108 5387 2135 5125 1127 2132 70 4818 7596 9158 8426 5519 2466 1858 6712 9985 4649 3397 8633 7601 480 9767 4512 4184 6491 
28 1788 9561 6699 2212 8368 7117 8993 7812 5189 6033 2887 2390 6749 6692 4421 4538 595 3718 122 6886 5922 9536 9886 4702 7089 3872 6390 9914 
29 7313 3562 2793 7120 3582 8765 2346 9864 4194 4542 4064 5249 6951 909 8883 214 1456 4094 875 9137 7254 8430 8789 4407 3760 9094 7399 3071 969 
27 3968 8740 5237 2293 5542 9961 4809 7316 4527 7305 5327 2148 673 3684 7836 6476 3244 3394 4445 5025 6281 8802 6818 2054 9003 7806 411 
30 4469 2864 4507 5566 8074 1241 8257 6267 9289 789 465 9545 5063 2817 367 6323 4557 842 6792 7041 7 5250 8433 8747 2393 3940 491 2213 6537 960 
28 8039 3782 6935 5400 8697 7728 7347 2499 5090 8318 140 6809 3700 5752 5971 3047 1495 4299 6054 6004 4154 1827 5180 5764 77 4820 4235 4747 
30 2414 9594 7115 3322 3623 593 2912 4221 1888 8274 6276 5068 8760 4533 1244 8137 5104 5505 8843 7428 8984 7255 1982 880 5342 8846 3653 3349 4516 6906 
25 8698 8121 702 968 9095 1639 8423 2947 7275 5169 4212 7247 9334 6338 2110 4812 5920 4932 4613 857 4746 7050 1027 5473 2288 
28 724 3210 9568 8950 5226 8884 5058 9380 1132 3176 1852 1435 3360 4919 3747 958 9683 8684 9965 3689 783 2427 1951 1958 8516 467 7837 5361 
27 8372 9718 1956 2205 7650 1229 5390 2511 1526 1292 3502 7696 7075 4424 4623 1336 9726 2580 8340 8229 9602 9881 5864 4682 7966 2099 7215 
28 1660 8364 281 421 4408 5499 5157 7240 7745 8499 2062 8691 9118 693 6930 4125 5628 7285 8825 4816 6089 9879 821 8112 1449 990 7861 2810 
26 3384 1285 659 2664 473 8005 2689 4691 8358 5964 1097 8038 4167 5790 6334 1950 1231 7095 9744 1153 1479 6059 3931 1399 7165 7234 
31 2146 5524 5756 2890 2512 961 2965 4942 3644 3489 1620 615 4032 5848 7077 2114 2981 733 299 5419 4389 1884 4211 8059 3022 8088 6569 5110 4811 5618 9837 
26 8404 656 9131 1505 4867 8913 6978 3156 7942 1460 5332 1963 169 7206 4191 1623 608 5866 9539 1017 8777 9134 1071 1211 4418 4576 
34 6956 9248 4951 7358 6363 3323 2126 8410 8873 5223 1836 3234 9910 3825 3982 3695 9217 264 3837 5131 5139 6514 4234 885 4624 7857 4850 5702 2718 2510 6041 4461 9827 519 
26 9960 2765 6578 170 9033 8584 4137 6186 323 1837 1023 394 6388 5152 99 7564 56 1910 3738 423 4155 8672 574 3202 1001 849 
30 6330 7205 1365 3501 4535 8530 1448 6554 3225 7751 4521 219 3986 7334 2044 6915 7276 2581 7236 5573 4133 7226 4102 6840 3066 6920 390 6496 6179 63 
27 2163 2766 9699 4436 5574 4887 4514 690 8264 8493 6531 5647 1002 4100 2877 1952 6836 8762 5982 4118 9701 2458 346 2987 5359 8682 9643 
28 8579 6214 7689 4917 7790 8320 5167 5406 8486 7419 2763 3494 7990 3879 8338 3470 7500 8396 424 742 3736 4041 4121 149 7281 9912 617 3870 
33 8085 8205 552 850 6516 3755 6634 3830 4190 9634 4990 2825 2463 1744 7973 8348 2326 6991 4704 1366 4405 6937 469 9181 2638 2248 8637 427 9894 5591 6942 5044 6090 
28 3581 7855 7343 5914 3278 6278 1542 9315 4315 9327 7767 2122 5890 7589 6291 8732 5594 7217 490 7262 4429 959 267 7498 640 1765 2749 5216 
26 2563 4922 7380 5298 5867 311 6740 7664 9760 4825 5579 8142 2741 2187 4051 6526 2696 3966 5328 4036 3948 9705 9765 825 6843 6588 
33 9696 7006 6897 548 1051 7625 8575 385 9078 5704 1986 7423 7830 4546 4157 611 2224 1117 4654 3433 776 9313 9331 5120 6408 7396 2093 806 9293 3218 870 6546 2367 
24 9054 3027 5751 2570 434 7203 5925 2322 356 9281 4774 6213 8650 1830 4727 302 2029 7573 1164 3032 4012 3157 4699 8387 
31 3075 4878 314 3316 9751 3680 4948 2771 3675 4579 8813 3415 4748 7587 30 7126 1536 7803 6850 4648 5212 1480 6064 4725 2733 8748 8104 2454 5882 3421 7362 
30 6227 6152 3005 3009 1681 1794 8201 435 4589 1519 6609 1724 5219 9177 6147 9668 4815 2792 9626 8138 4606 5004 8252 4369 2731 4981 6161 9971 8132 5666 
29 5160 2583 3643 9632 5520 6912 2908 1411 8876 2097 6820 4844 6674 5834 9043 1453 3576 6288 4359 5047 9574 9399 7977 5017 6745 6867 9505 2016 9478 
29 6021 3681 5310 5460 9719 33 9986 4465 6584 5700 6385 4497 4892 5024 7388 1968 3271 7758 2798 3293 483 5871 6733 6254 5101 4688 9064 1522 5823 
31 5030 6257 2813 6003 9702 8234 6027 5303 3170 4229 4460 5983 6999 3839 3132 6433 5081 2492 2726 4876 1200 2317 1966 7101 6317 1576 2448 3083 3956 3918 3143 
25 5645 7613 8027 4001 9909 5506 8182 5659 2028 4374 529 3926 4829 278 4845 9077 9551 5625 8136 3838 1834 6533 5491 8092 7153 
26 8299 2698 8128 4392 8399 5153 8261 4677 9229 5159 1427 4140 8505 8145 855 1504 4955 5688 4860 3178 8456 3141 9759 796 4540 9154 
27 7132 8730 6785 7331 6313 1042 883 2788 9308 8466 9482 1176 9464 1103 4434 1013 5150 4086 9911 5858 6831 4537 7595 6415 6722 6542 9346 
27 3198 5041 7335 6030 1175 9462 8478 8914 7483 1304 1269 7243 1747 5073 7656 5648 6343 8868 6107 9840 2079 2694 7453 192 3758 2587 9799 
25 1377 9037 5345 7026 7723 3881 2298 6409 2280 39 4930 8915 559 193 7737 7628 2662 2035 7269 2503 1005 1716 9642 8784 4978 
32 9814 1824 773 3911 817 2906 6113 4156 1283 9504 1245 4205 2233 4334 4101 3121 5438 6873 5804 4112 5001 398 5931 6383 3523 8411 3542 8522 3457 2031 9410 900 
26 4830 1599 5771 6729 6493 684 930 901 3908 2943 1557 4565 1972 6345 998 5627 744 8671 9195 9319 160 18 8535 7616 2329 5029 
34 5703 4107 3128 4937 779 571 784 1055 7110 2158 4588 2989 3506 353 2355 7792 4368 5114 3927 8029 5617 2045 4770 6568 1107 5381 8811 3661 6181 6637 8589 1954 7460 1445 
28 2830 596 5213 7982 1417 3 8910 1770 1657 9006 4163 8284 6948 3723 2462 64 5463 2688 9775 1843 8157 3154 6688 6002 7617 1105 1550 7322 
29 8184 8468 7496 5942 9378 3671 4828 6553 9854 135 2426 4658 8020 9501 4011 3463 8599 8155 2128 3773 4939 9245 5992 5785 5225 7647 4274 4674 4775 
33 8502 474 1035 2241 1779 2395 2258 8012 7299 9350 8000 5071 881 4582 2262 8345 6406 2551 8422 2658 887 2420 9016 6118 9479 9433 2376 7457 8803 5374 8298 9838 2480 
27 2091 8472 4794 450 9891 5654 2018 6752 8793 2802 6224 9618 3390 2204 920 2821 505 7168 5807 622 8940 3859 3936 5430 6762 7474 8443 
28 3240 2607 9591 2604 2971 9190 7185 185 9648 2477 2595 4431 6434 4689 7623 6448 369 379 5248 2684 5778 136 2356 296 2285 6907 7804 2504 
27 5233 4989 4807 1816 6509 7249 1740 1009 7163 5355 3637 6460 3303 2342 9794 4149 461 3263 1343 6477 5358 7480 5016 9904 9869 8402 5107 
30 2648 2381 6770 6475 9304 3177 3733 5229 8176 4358 685 194 7950 4136 5689 5808 984 6075 7081 9998 6469 4781 4536 3577 113 7868 8515 8100 120 7854 
27 929 1038 5865 7543 678 1373 209 2247 5278 1431 753 2370 5782 4862 6220 6714 8321 9085 4928 3768 6080 8606 8043 6921 7726 9388 8265 
29 750 476 2069 5483 3373 2137 5166 3573 689 1749 8616 6368 4425 782 8329 5924 6306 5236 5246 2272 1043 8312 8863 4772 9849 3208 9535 9452 6055 
28 3756 5147 9942 5069 563 6351 6822 1689 243 8655 168 2068 3310 3730 2165 5075 7069 6387 7093 9518 2676 8382 9652 6103 5582 5398 9100 8096 
26 4759 159 8971 2 7084 6718 6779 1593 1342 9267 7727 4375 8482 866 2949 9046 1523 1075 5414 7263 5085 1287 843 1323 1851 2719 
28 804 5673 4303 6796 2195 6262 7719 4524 4577 4945 1389 3923 9902 4277 4280 7212 6302 471 9929 3485 3357 7454 3070 8685 9285 2942 1928 3021 
27 1833 4349 5984 3312 1278 7845 4183 6205 8581 1098 2928 4147 863 3888 5268 9513 4787 807 5929 8508 3627 6053 3214 3993 951 2901 3952 
29 957 6597 3383 5553 3735 1758 4082 9537 2334 1420 2843 4292 7776 8824 6646 7882 9011 1161 4865 5733 6247 151 8014 7897 2478 1705 9349 9860 2507 
28 2156 7382 7511 416 8130 9937 184 8700 8988 4665 4223 4430 7884 5606 4414 2653 7438 1903 3666 5094 6067 3673 3586 714 7152 4680 4956 4331 
27 1204 4494 7946 3579 2752 5102 1547 7359 619 5906 1915 8035 6757 9876 3605 2631 4482 6827 7507 3093 1814 6694 2729 4412 8236 7294 2623 
32 482 3247 910 3264 6237 1430 8417 2748 5315 358 5311 7939 9218 1929 4925 1170 4761 6438 5567 8158 7181 7635 9083 8704 242 4296 8393 218 7791 9244 340 3530 
30 7229 7047 6543 3775 7638 6463 2755 1562 4069 6902 5376 9186 9339 3545 8294 8448 858 603 2739 8355 8190 6518 3891 8161 5676 1018 2778 6136 2776 5418 
25 4581 551 8717 1293 91 8518 9442 5384 8213 4168 9964 6486 3806 2666 3978 183 7155 1845 9009 8557 1297 814 2105 5280 8009 
24 4574 9200 4219 5456 3610 6710 8532 1032 1723 8899 1701 947 3928 3007 1284 1528 8881 7339 5728 2691 5466 2067 4767 9600 
29 7794 2332 5113 7922 7323 1016 9777 1865 926 9338 9889 8889 8337 4294 4420 2549 8975 4244 4103 2118 1116 3787 9550 1786 7858 4840 5317 8819 7936 
26 7642 9246 1691 3476 1737 3036 8865 6990 2562 8122 300 8721 4603 5191 9564 2484 1619 3749 6801 7220 4584 8081 6776 6842 8631 2103 
27 2996 280 8590 8797 8745 5181 8526 9939 5343 4483 790 8253 9664 4583 3646 9681 112 5331 9530 4142 9682 186 1337 6325 8024 953 4594 
32 3860 8504 5903 7636 7442 4084 5051 9915 9546 7227 2832 8483 373 1206 8591 5330 8490 6432 414 8233 1748 6987 2159 3294 6602 7228 1995 818 65 8928 6561 7796 
26 4634 4632 2003 3455 5210 3783 7467 7392 8460 4158 7257 7928 3454 2998 9448 4883 9021 2700 9946 9341 1162 2896 3943 4995 7741 7568 
24 1568 7175 8286 2472 663 2221 3019 9898 2538 6210 3416 5839 1439 5741 5060 8056 454 9519 5981 9813 5569 9748 8479 9741 
28 625 9157 330 8547 1080 6556 9121 9182 7869 7036 569 5018 865 1261 5956 3359 1213 6777 3915 6019 1782 6986 6797 6013 9320 3148 8640 7063 
26 8246 188 3268 2930 9989 4348 5100 5350 907 8371 844 2015 3499 6353 6124 9345 5103 6571 2605 6592 4267 6040 4381 3057 283 5638 
26 8607 1271 854 4824 9640 6452 7605 9781 7580 2552 161 123 965 9214 3046 5636 6803 1065 6923 8451 1997 8527 6761 8916 8548 7348 
29 9446 8896 5529 2963 5910 9241 9565 1167 1839 4641 5121 4440 1436 3382 2464 7053 6621 884 840 9758 4663 6370 6560 1254 1404 3697 3970 8167 1635 
29 5325 3503 5134 9974 4788 1368 6854 3654 431 1189 3794 5292 3944 2369 2372 6111 3574 5672 9337 5194 1077 5710 5575 3527 9788 5526 2481 6088 1199 
30 9360 5326 7787 6819 404 9263 7022 4621 927 6750 7875 3315 7846 8094 1936 6450 9312 2043 1611 1806 8662 4206 3862 9377 5294 4762 2386 6732 1990 9418 
29 1415 9826 271 1926 7147 8992 7910 793 5119 8391 2153 6010 2056 1146 623 4700 7676 599 3751 9843 284 607 2812 6833 3092 950 946 2678 6148 
27 9445 3482 4769 1059 7383 408 8093 9583 2542 7336 7443 6143 5833 1137 9400 263 1403 8900 7506 2486 8010 1857 3111 6366 5918 6947 1363 
27 9764 8170 3640 9966 4186 304 1093 2129 5772 2601 3069 5578 8558 5720 7763 2485 6758 3824 8839 9846 495 9333 9950 7121 7223 2879 3375 
29 1752 1387 1491 144 9606 9129 4181 7361 2574 1821 8042 8258 8245 4988 2548 5290 7118 3175 2869 8497 759 5271 7311 3002 1714 4380 8743 2957 9982 
30 4260 816 5564 49 6102 1855 2801 9477 484 6535 6268 7328 1405 3136 3568 3211 6119 4509 4070 4399 2898 3969 6605 8071 8075 4320 1266 6397 2273 8799 
28 2517 9589 191 4239 7707 8162 9625 1414 9439 9415 550 7761 4921 5488 2576 6540 2108 1195 3276 2490 1992 5576 9101 6022 7521 5050 9481 7368 
28 3288 3693 8503 8324 4050 785 5744 771 1064 6630 2735 9575 4515 9250 643 2508 3535 6938 2650 9271 4013 9335 6532 240 1540 5681 3748 2980 
